[Message:   BepInEx] BepInEx 5.4.10.0 - valheim
[Info   :   BepInEx] Running under Unity v2019.4.24.6137584
[Info   :   BepInEx] CLR runtime version: 4.0.30319.42000
[Info   :   BepInEx] Supports SRE: True
[Info   :   BepInEx] System platform: Bits64, Windows
[Message:   BepInEx] Preloader started
[Info   :   BepInEx] 1 patcher plugin loaded
[Info   :   BepInEx] Patching [UnityEngine.CoreModule] with [BepInEx.Chainloader]
[Message:   BepInEx] Preloader finished
[Message:   BepInEx] Chainloader ready
[Message:   BepInEx] Chainloader started
[Info   :   BepInEx] 25 plugins to load
[Info   :   BepInEx] Loading [Custom Server Loading Screen 0.3.2]
[Info   :   BepInEx] Loading [ValheimFPSBoost 1.0.0]
[Info   :   BepInEx] Loading [JotunnLib 0.1.6]
[Info   : Unity Log] Initialized PrefabManager
[Info   : Unity Log] Initialized PieceTableManager
[Info   : Unity Log] JotunnLib v0.1.6 loaded successfully
[Info   :   BepInEx] Loading [More Stacks 1.0.0]
[Info   :   BepInEx] Loading [Discord hack Bot 1.0.0]
[Info   :   BepInEx] Loading [Better portal 1.0.0]
[Info   :   BepInEx] Loading [ValheimPermissions 1.1.1]
[Info   :   Console] Valheim - Permissions: Haz awoke!!?!
[Info   :   Console] Valheim - Permissions: [Client Mode]
[Info   :   BepInEx] Loading [WorldofValheimServerSideCharacters 0.7.0]
[Info   :   Console] WoV - SSC: [Client Mode]
[Info   :   Console] WoV - SSC: Haz awoke!!?!
[Info   :   BepInEx] Loading [WorldofValheimZones 0.7.0]
[Info   :   Console] WoV - Zones: [Client Mode]
[Info   :   Console] WoV - Zones: Haz awoke!!?!
[Info   :   BepInEx] Loading [More Gates 1.0.6]
[Info   :   BepInEx] Loading [MasterChef 1.0.0]
[Info   :   BepInEx] Loading [kginspct 0.2.0]
[Info   :   BepInEx] Loading [KGAmegame 1.0.0]
[Info   :   BepInEx] Loading [Valheim Plus Build Expansion 0.0.1.0]
[Info   :   BepInEx] Loading [BetterUI 2.0.2]
[Info   :   BepInEx] Loading [DEF handy wards 1.0.0.3]
[Info   :DEF handy wards] Hello, world!
[Info   :   BepInEx] Loading [ValheimFaveServers 1.0.1]
[Info   :ValheimFaveServers] Loaded server from config with data [key: cc name: VBRASIL REVIVE! host: 64.44.162.93 ip: ::ffff:64.44.162.93]
[Info   :   BepInEx] Loading [Valheim Plus 0.9.7]
[Info   :Valheim Plus] Trying to load the configuration file
[Info   : Unity Log] Loading config section AdvancedBuildingMode
[Info   : Unity Log]  Loading key enterAdvancedBuildingMode
[Info   : Unity Log]  Loading key exitAdvancedBuildingMode
[Info   : Unity Log]  Loading key copyObjectRotation
[Info   : Unity Log]  Loading key pasteObjectRotation
[Info   : Unity Log]  Loading key increaseScrollSpeed
[Info   : Unity Log]  Loading key decreaseScrollSpeed
[Info   : Unity Log] Loading config section AdvancedEditingMode
[Info   : Unity Log]  Loading key enterAdvancedEditingMode
[Warning: Unity Log]  [KeyCode] Could not read enterAdvancedEditingMode, using default value of Keypad0
[Info   : Unity Log]  Loading key resetAdvancedEditingMode
[Info   : Unity Log]  Loading key abortAndExitAdvancedEditingMode
[Info   : Unity Log]  Loading key confirmPlacementOfAdvancedEditingMode
[Info   : Unity Log]  Loading key copyObjectRotation
[Info   : Unity Log]  Loading key pasteObjectRotation
[Info   : Unity Log]  Loading key increaseScrollSpeed
[Info   : Unity Log]  Loading key decreaseScrollSpeed
[Info   : Unity Log] Loading config section Beehive
[Info   : Unity Log]  Section not enabled
[Info   : Unity Log] Loading config section Building
[Info   : Unity Log]  Loading key noInvalidPlacementRestriction
[Info   : Unity Log]  Loading key noMysticalForcesPreventPlacementRestriction
[Info   : Unity Log]  Loading key noWeatherDamage
[Info   : Unity Log]  Loading key maximumPlacementDistance
[Info   : Unity Log]  Loading key pieceComfortRadius
[Info   : Unity Log]  Loading key alwaysDropResources
[Info   : Unity Log]  Loading key alwaysDropExcludedResources
[Info   : Unity Log]  Loading key enableAreaRepair
[Info   : Unity Log]  Loading key areaRepairRadius
[Info   : Unity Log] Loading config section Deconstruct
[Info   : Unity Log]  Section not enabled
[Info   : Unity Log] Loading config section Inventory
[Info   : Unity Log]  Loading key inventoryFillTopToBottom
[Info   : Unity Log]  Loading key mergeWithExistingStacks
[Info   : Unity Log]  Loading key playerInventoryRows
[Info   : Unity Log]  Loading key woodChestColumns
[Info   : Unity Log]  Loading key woodChestRows
[Info   : Unity Log]  Loading key personalChestColumns
[Info   : Unity Log]  Loading key personalChestRows
[Info   : Unity Log]  Loading key ironChestColumns
[Info   : Unity Log]  Loading key ironChestRows
[Info   : Unity Log]  Loading key cartInventoryColumns
[Info   : Unity Log]  Loading key cartInventoryRows
[Info   : Unity Log]  Loading key karveInventoryColumns
[Info   : Unity Log]  Loading key karveInventoryRows
[Info   : Unity Log]  Loading key longboatInventoryColumns
[Info   : Unity Log]  Loading key longboatInventoryRows
[Info   : Unity Log] Loading config section Items
[Info   : Unity Log]  Loading key noTeleportPrevention
[Info   : Unity Log]  Loading key baseItemWeightReduction
[Info   : Unity Log]  Loading key itemStackMultiplier
[Info   : Unity Log]  Loading key droppedItemOnGroundDurationInSeconds
[Info   : Unity Log] Loading config section Fermenter
[Info   : Unity Log]  Loading key fermenterDuration
[Info   : Unity Log]  Loading key fermenterItemsProduced
[Info   : Unity Log]  Loading key showDuration
[Info   : Unity Log]  Loading key autoDeposit
[Info   : Unity Log]  Loading key autoFuel
[Info   : Unity Log]  Loading key ignorePrivateAreaCheck
[Info   : Unity Log]  Loading key autoRange
[Info   : Unity Log] Loading config section FireSource
[Info   : Unity Log]  Section not enabled
[Info   : Unity Log] Loading config section Food
[Info   : Unity Log]  Loading key foodDurationMultiplier
[Info   : Unity Log]  Loading key disableFoodDegradation
[Info   : Unity Log] Loading config section Smelter
[Info   : Unity Log]  Loading key maximumOre
[Info   : Unity Log]  Loading key maximumCoal
[Info   : Unity Log]  Loading key coalUsedPerProduct
[Info   : Unity Log]  Loading key productionSpeed
[Info   : Unity Log]  Loading key autoDeposit
[Info   : Unity Log]  Loading key autoFuel
[Info   : Unity Log]  Loading key ignorePrivateAreaCheck
[Info   : Unity Log]  Loading key autoRange
[Info   : Unity Log] Loading config section Furnace
[Info   : Unity Log]  Loading key maximumOre
[Info   : Unity Log]  Loading key maximumCoal
[Info   : Unity Log]  Loading key coalUsedPerProduct
[Info   : Unity Log]  Loading key productionSpeed
[Info   : Unity Log]  Loading key autoDeposit
[Info   : Unity Log]  Loading key autoFuel
[Info   : Unity Log]  Loading key ignorePrivateAreaCheck
[Info   : Unity Log]  Loading key autoRange
[Info   : Unity Log]  Loading key allowAllOres
[Info   : Unity Log] Loading config section Hotkeys
[Info   : Unity Log]  Section not enabled
[Info   : Unity Log] Loading config section Kiln
[Info   : Unity Log]  Loading key productionSpeed
[Info   : Unity Log]  Loading key maximumWood
[Info   : Unity Log]  Loading key dontProcessFineWood
[Info   : Unity Log]  Loading key dontProcessRoundLog
[Info   : Unity Log]  Loading key autoDeposit
[Info   : Unity Log]  Loading key autoFuel
[Info   : Unity Log]  Loading key stopAutoFuelThreshold
[Info   : Unity Log]  Key ignorePrivateAreaCheck not defined, using default value
[Info   : Unity Log]  Loading key autoRange
[Info   : Unity Log] Loading config section Windmill
[Info   : Unity Log]  Section not enabled
[Info   : Unity Log] Loading config section SpinningWheel
[Info   : Unity Log]  Section not enabled
[Info   : Unity Log] Loading config section Map
[Info   : Unity Log]  Section not enabled
[Info   : Unity Log] Loading config section Player
[Info   : Unity Log]  Loading key baseMaximumWeight
[Info   : Unity Log]  Loading key baseMegingjordBuff
[Info   : Unity Log]  Loading key baseAutoPickUpRange
[Info   : Unity Log]  Loading key disableCameraShake
[Info   : Unity Log]  Loading key baseUnarmedDamage
[Info   : Unity Log]  Loading key cropNotifier
[Info   : Unity Log]  Loading key restSecondsPerComfortLevel
[Info   : Unity Log]  Loading key deathPenaltyMultiplier
[Info   : Unity Log]  Loading key autoRepair
[Info   : Unity Log]  Loading key guardianBuffDuration
[Info   : Unity Log]  Loading key guardianBuffCooldown
[Info   : Unity Log]  Loading key disableGuardianBuffAnimation
[Info   : Unity Log]  Loading key autoEquipShield
[Info   : Unity Log]  Loading key skipIntro
[Info   : Unity Log]  Loading key iHaveArrivedOnSpawn
[Info   : Unity Log]  Loading key queueWeaponChanges
[Info   : Unity Log]  Loading key reequipItemsAfterSwimming
[Info   : Unity Log]  Loading key fallDamageScalePercent
[Info   : Unity Log]  Loading key maxFallDamage
[Info   : Unity Log]  Loading key skipTutorials
[Info   : Unity Log] Loading config section Server
[Info   : Unity Log]  Loading key maxPlayers
[Info   : Unity Log]  Loading key disableServerPassword
[Info   : Unity Log]  Loading key enforceMod
[Info   : Unity Log]  Loading key serverSyncsConfig
[Info   : Unity Log]  Loading key serverSyncHotkeys
[Info   : Unity Log] Loading config section Stamina
[Info   : Unity Log]  Section not enabled
[Info   : Unity Log] Loading config section StaminaUsage
[Info   : Unity Log]  Section not enabled
[Info   : Unity Log] Loading config section Workbench
[Info   : Unity Log]  Loading key workbenchRange
[Info   : Unity Log]  Loading key workbenchAttachmentRange
[Info   : Unity Log]  Loading key disableRoofCheck
[Info   : Unity Log] Loading config section Time
[Info   : Unity Log]  Section not enabled
[Info   : Unity Log] Loading config section Ward
[Info   : Unity Log]  Section not enabled
[Info   : Unity Log] Loading config section StructuralIntegrity
[Info   : Unity Log]  Loading key wood
[Info   : Unity Log]  Loading key stone
[Info   : Unity Log]  Loading key iron
[Info   : Unity Log]  Loading key hardWood
[Info   : Unity Log]  Loading key disableStructuralIntegrity
[Info   : Unity Log]  Loading key disableDamageToPlayerStructures
[Info   : Unity Log]  Loading key disableDamageToPlayerBoats
[Info   : Unity Log]  Loading key disableWaterDamageToPlayerBoats
[Info   : Unity Log] Loading config section Tameable
[Info   : Unity Log]  Section not enabled
[Info   : Unity Log] Loading config section Hud
[Info   : Unity Log]  Loading key showRequiredItems
[Info   : Unity Log]  Loading key experienceGainedNotifications
[Info   : Unity Log]  Key chatMessageDistance not defined, using default value
[Info   : Unity Log]  Loading key displayStaminaValue
[Info   : Unity Log]  Loading key removeDamageFlash
[Info   : Unity Log] Loading config section Experience
[Info   : Unity Log]  Loading key swords
[Info   : Unity Log]  Loading key knives
[Info   : Unity Log]  Loading key clubs
[Info   : Unity Log]  Loading key polearms
[Info   : Unity Log]  Loading key spears
[Info   : Unity Log]  Loading key blocking
[Info   : Unity Log]  Loading key axes
[Info   : Unity Log]  Loading key bows
[Info   : Unity Log]  Loading key fireMagic
[Info   : Unity Log]  Loading key frostMagic
[Info   : Unity Log]  Loading key unarmed
[Info   : Unity Log]  Loading key pickaxes
[Info   : Unity Log]  Loading key woodCutting
[Info   : Unity Log]  Loading key jump
[Info   : Unity Log]  Loading key sneak
[Info   : Unity Log]  Loading key run
[Info   : Unity Log]  Loading key swim
[Info   : Unity Log] Loading config section Camera
[Info   : Unity Log]  Loading key cameraMaximumZoomDistance
[Info   : Unity Log]  Loading key cameraBoatMaximumZoomDistance
[Info   : Unity Log]  Loading key cameraFOV
[Info   : Unity Log] Loading config section Game
[Info   : Unity Log]  Loading key gameDifficultyDamageScale
[Info   : Unity Log]  Loading key gameDifficultyHealthScale
[Info   : Unity Log]  Loading key extraPlayerCountNearby
[Info   : Unity Log]  Loading key setFixedPlayerCountTo
[Info   : Unity Log]  Loading key difficultyScaleRange
[Info   : Unity Log]  Loading key disablePortals
[Info   : Unity Log]  Loading key forceConsole
[Info   : Unity Log]  Loading key bigPortalNames
[Info   : Unity Log] Loading config section Wagon
[Info   : Unity Log]  Section not enabled
[Info   : Unity Log] Loading config section Gathering
[Info   : Unity Log]  Section not enabled
[Info   : Unity Log] Loading config section Pickable
[Info   : Unity Log]  Section not enabled
[Info   : Unity Log] Loading config section Durability
[Info   : Unity Log]  Section not enabled
[Info   : Unity Log] Loading config section Armor
[Info   : Unity Log]  Section not enabled
[Info   : Unity Log] Loading config section FreePlacementRotation
[Info   : Unity Log]  Section not enabled
[Info   : Unity Log] Loading config section Shields
[Info   : Unity Log]  Section not enabled
[Info   : Unity Log] Loading config section FirstPerson
[Info   : Unity Log]  Loading key hotkey
[Info   : Unity Log]  Loading key raiseFOVHotkey
[Info   : Unity Log]  Loading key defaultFOV
[Info   : Unity Log]  Loading key lowerFOVHotkey
[Info   : Unity Log] Loading config section GridAlignment
[Info   : Unity Log]  Section not enabled
[Info   : Unity Log] Loading config section CraftFromChest
[Info   : Unity Log]  Loading key range
[Info   : Unity Log]  Loading key disableCookingStation
[Info   : Unity Log]  Loading key checkFromWorkbench
[Info   : Unity Log]  Loading key ignorePrivateAreaCheck
[Info   : Unity Log]  Loading key lookupInterval
[Info   : Unity Log] Loading config section ValheimPlus
[Info   : Unity Log]  Loading key mainMenuLogo
[Info   : Unity Log]  Loading key serverBrowserAdvertisement
[Info   : Unity Log] Loading config section PlayerProjectile
[Info   : Unity Log]  Section not enabled
[Info   : Unity Log] Loading config section MonsterProjectile
[Info   : Unity Log]  Section not enabled
[Info   : Unity Log] Loading config section GameClock
[Info   : Unity Log]  Section not enabled
[Info   :Valheim Plus] Configuration file loaded succesfully.
[Info   :Valheim Plus] ValheimPlus [0.9.7] is up to date.
[Info   :   BepInEx] Loading [Display BepInEx Info In-Game 1.1.0]
[Info   :   BepInEx] Loading [Mod Config Enforcer 2.0.2]
[Info   :   BepInEx] Loading [Combat Evolved 0.4.6]
[Info   :   BepInEx] Loading [Extended Item Data Framework 1.0.0]
[Info   :   BepInEx] Loading [Epic Loot 0.7.7]
[Info   : Unity Log] 05/12/2021 23:31:23: Loaded localization CSV:localization language:English

[Warning: Unity Log] 05/12/2021 23:31:23: Failed to load language file localization_extra

[Info   : Unity Log] 05/12/2021 23:31:23: Loaded localization CSV:localization language:English

[Warning: Unity Log] 05/12/2021 23:31:23: Failed to load language file localization_extra

[Info   :   BepInEx] Loading [Epic Loot Addon - MCE 1.0.3]
[Info   :   BepInEx] Loading [ValheimLib 0.0.15]
[Message:   BepInEx] Chainloader startup complete
[Info   : Unity Log] 05/12/2021 23:31:25: Starting to load scene:start

[Warning: Unity Log] Only custom filters can be played. Please add a custom filter or an audioclip to the audiosource (Amb_MainMenu).
[Info   : Unity Log] Version generator started.
[Info   : Unity Log] Version generated with enforced mod : 0.153.2 (WorldofValheimServerSideCharacters v0.7.0) (WorldofValheimZones v0.7.0)@0.9.7
[Info   : Unity Log] 05/12/2021 23:31:32: Valheim version:0.153.2 (WorldofValheimServerSideCharacters v0.7.0) (WorldofValheimZones v0.7.0)@0.9.7

[Info   : Unity Log] Version generator started.
[Info   : Unity Log] Version generated with enforced mod : 0.153.2 (WorldofValheimServerSideCharacters v0.7.0) (WorldofValheimZones v0.7.0)@0.9.7
[Info   : Unity Log] 05/12/2021 23:31:32: Render threading mode:MultiThreaded

[Info   : Unity Log] Version generator started.
[Info   : Unity Log] Version generated with enforced mod : 0.153.2 (WorldofValheimServerSideCharacters v0.7.0) (WorldofValheimZones v0.7.0)@0.9.7
[Info   : Unity Log] 05/12/2021 23:31:32: Using environment steamid 892970

[Info   : Unity Log] 05/12/2021 23:31:32: Using steam APPID:892970

[Info   : Unity Log] 05/12/2021 23:31:32: Authentication:k_ESteamNetworkingAvailability_Attempting

[Info   : Unity Log] 05/12/2021 23:31:32: Steam initialized, persona:werner

[Warning: Unity Log] 05/12/2021 23:31:32: Missing audio clip in music respawn

[Info   : Unity Log] 05/12/2021 23:31:32: Checking for installed DLCs

[Info   : Unity Log] 05/12/2021 23:31:32: DLC:beta installed:False

[Info   : Unity Log] Version generator started.
[Info   : Unity Log] Version generated with enforced mod : 0.153.2 (WorldofValheimServerSideCharacters v0.7.0) (WorldofValheimZones v0.7.0)@0.9.7
[Info   : Unity Log] [PrefabCreator] Added recipe: Recipe_LeatherBelt
[Info   : Unity Log] [PrefabCreator] Added recipe: Recipe_SilverRing
[Info   : Unity Log] [PrefabCreator] Added recipe: Recipe_GoldRubyRing
[Info   : Unity Log] [PrefabCreator] Added recipe: Recipe_ShardRareUpgrade
[Info   : Unity Log] [PrefabCreator] Added recipe: Recipe_ShardEpicUpgrade
[Info   : Unity Log] [PrefabCreator] Added recipe: Recipe_ShardLegendaryUpgrade
[Info   : Unity Log] [PrefabCreator] Added recipe: Recipe_DustRareUpgrade
[Info   : Unity Log] [PrefabCreator] Added recipe: Recipe_DustEpicUpgrade
[Info   : Unity Log] [PrefabCreator] Added recipe: Recipe_DustLegendaryUpgrade
[Info   : Unity Log] [PrefabCreator] Added recipe: Recipe_ReagentRareUpgrade
[Info   : Unity Log] [PrefabCreator] Added recipe: Recipe_ReagentEpicUpgrade
[Info   : Unity Log] [PrefabCreator] Added recipe: Recipe_ReagentLegendaryUpgrade
[Info   : Unity Log] [PrefabCreator] Added recipe: Recipe_EssenceRareUpgrade
[Info   : Unity Log] [PrefabCreator] Added recipe: Recipe_EssenceEpicUpgrade
[Info   : Unity Log] [PrefabCreator] Added recipe: Recipe_EssenceLegendaryUpgrade
[Info   : Unity Log] [PrefabCreator] Added recipe: Recipe_RunestoneRareUpgrade
[Info   : Unity Log] [PrefabCreator] Added recipe: Recipe_RunestoneEpicUpgrade
[Info   : Unity Log] [PrefabCreator] Added recipe: Recipe_RunestoneLegendaryUpgrade
[Info   : Unity Log] [PrefabCreator] Added recipe: Recipe_MagicShardToDust_Conversion
[Info   : Unity Log] [PrefabCreator] Added recipe: Recipe_MagicShardToEssence_Conversion
[Info   : Unity Log] [PrefabCreator] Added recipe: Recipe_MagicShardToReagent_Conversion
[Info   : Unity Log] [PrefabCreator] Added recipe: Recipe_RareShardToDust_Conversion
[Info   : Unity Log] [PrefabCreator] Added recipe: Recipe_RareShardToEssence_Conversion
[Info   : Unity Log] [PrefabCreator] Added recipe: Recipe_RareShardToReagent_Conversion
[Info   : Unity Log] [PrefabCreator] Added recipe: Recipe_EpicShardToDust_Conversion
[Info   : Unity Log] [PrefabCreator] Added recipe: Recipe_EpicShardToEssence_Conversion
[Info   : Unity Log] [PrefabCreator] Added recipe: Recipe_EpicShardToReagent_Conversion
[Info   : Unity Log] [PrefabCreator] Added recipe: Recipe_LegendaryShardToDust_Conversion
[Info   : Unity Log] [PrefabCreator] Added recipe: Recipe_LegendaryShardToEssence_Conversion
[Info   : Unity Log] [PrefabCreator] Added recipe: Recipe_LegendaryShardToReagent_Conversion
[Info   : Unity Log] [PrefabCreator] Added recipe: Recipe_BoneSkeletonTrophy
[Info   : Unity Log] [PrefabCreator] Added recipe: Recipe_EyeGreydwarfTrophy
[Info   : Unity Log] [PrefabCreator] Added recipe: Recipe_AntlerDeerTrophy
[Info   : Unity Log] [PrefabCreator] Added recipe: Recipe_HideTrollTrophy
[Info   : Unity Log] [PrefabCreator] Added recipe: Recipe_CoreSurtlingTrophy
[Info   : Unity Log] [PrefabCreator] Added recipe: Recipe_FreezeGlandDrakeTrophy
[Info   : Unity Log] ---- Registering custom inputs ----
[Info   : Unity Log] ---- Registering custom inputs ----
[Info   : Unity Log] 05/12/2021 23:31:35: UI Group status changed Menu = True

[Info   : Unity Log] 05/12/2021 23:31:39: FOund selected Start game

[Info   : Unity Log] 05/12/2021 23:31:39: show character selection

[Info   : Unity Log] 05/12/2021 23:31:40: OnCharacterStart

[Info   : Unity Log] 05/12/2021 23:31:41: show character selection

[Info   : Unity Log] 05/12/2021 23:31:41: UI Group status changed SelectCharacter = True

[Info   : Unity Log] 05/12/2021 23:31:46: OnCharacterStart

[Info   : Unity Log] 05/12/2021 23:31:46: UI Group status changed Panel = True

[Info   :ValheimFaveServers] Saved IP address in patch on set server host
[Info   : Unity Log] Version generator started.
[Info   : Unity Log] Version generated with enforced mod : 0.153.2 (WorldofValheimServerSideCharacters v0.7.0) (WorldofValheimZones v0.7.0)@0.9.7
[Info   : Unity Log] 05/12/2021 23:31:51: Loading player profile detailss

[Info   : Unity Log] 05/12/2021 23:31:51: Zonesystem Awake 1018

[Info   : Unity Log] 05/12/2021 23:31:51: DungeonDB Awake 1018

[Info   : Unity Log] 05/12/2021 23:31:51: Steam initialized, persona:werner

[Info   : Unity Log] ---- Registering custom prefabs ----
[Info   : Unity Log] Registered prefab: BlackMetalBarStack
[Info   : Unity Log] Registered prefab: CopperBarStack
[Info   : Unity Log] Registered prefab: IronBarStack
[Info   : Unity Log] Registered prefab: SilverBarStack
[Info   : Unity Log] Registered prefab: TinBarStack
[Info   : Unity Log] Registered prefab: BronzeBarStack
[Info   : Unity Log] Registered prefab: TreasureChest
[Info   : Unity Log] Registered prefab: FineWoodStack
[Info   : Unity Log] Registered prefab: CoreWoodStack
[Info   : Unity Log] Registered prefab: CoinPile
[Info   : Unity Log] Registered prefab: h_drawbridge01
[Info   : Unity Log] Registered prefab: lift_gate
[Info   : Unity Log] Registered prefab: Hayze_gate_01
[Info   : Unity Log] Registered prefab: Hayze_gate_02
[Info   : Unity Log] Registered prefab: Hayze_gate_03
[Info   : Unity Log] Registered prefab: h_trapdoor
[Info   : Unity Log] Registered prefab: h_trapdoorbig
[Info   : Unity Log] Registered prefab: h_trapdoor2
[Info   : Unity Log] Registered prefab: h_trapdoorbig2
[Info   : Unity Log] Registered prefab: hayzestake_01
[Info   : Unity Log] Registered prefab: corewood_stack
[Info   : Unity Log] Registered prefab: Hotdog
[Info   : Unity Log] Registered prefab: CarrotOil
[Info   : Unity Log] Registered prefab: DragonOmelette
[Info   : Unity Log] Registered prefab: Vinegar
[Info   : Unity Log] Registered prefab: JamSandwich
[Info   : Unity Log] Registered prefab: HoneySandwich
[Info   : Unity Log] Registered prefab: CarrotButter
[Info   : Unity Log] Registered prefab: Broth
[Info   : Unity Log] Registered prefab: CBJSandwich
[Info   : Unity Log] Registered prefab: DukesJelly
[Info   : Unity Log] Registered prefab: FlaxSeeds
[Info   : Unity Log] Registered prefab: FruitSmoothie
[Info   : Unity Log] Registered prefab: VegetableSmoothie
[Info   : Unity Log] Registered prefab: Shawarma
[Info   : Unity Log] Registered prefab: Durum
[Info   : Unity Log] Registered prefab: Pancake
[Info   : Unity Log] Registered prefab: BloodSausage
[Info   : Unity Log] Registered prefab: Energybar
[Info   : Unity Log] Registered prefab: Terrine
[Info   : Unity Log] Registered prefab: VensionHeadTaco
[Info   : Unity Log] Registered prefab: FishStew
[Info   : Unity Log] Registered prefab: Pigs
[Info   : Unity Log] Registered prefab: SaladBowl
[Info   : Unity Log] Registered prefab: Burger
[Info   : Unity Log] Registered prefab: NeckTailSkewer
[Info   : Unity Log] All prefabs loaded
[Info   : Unity Log] ---- Registering custom zone data ----
[Info   : Unity Log] ---- Registering custom objects ----
[Info   : Unity Log] ---- Loading custom objects ----
[Info   : Unity Log] Loaded item: Hotdog
[Info   : Unity Log] Loaded item: CarrotOil
[Info   : Unity Log] Loaded item: DragonOmelette
[Info   : Unity Log] Loaded item: Vinegar
[Info   : Unity Log] Loaded item: JamSandwich
[Info   : Unity Log] Loaded item: HoneySandwich
[Info   : Unity Log] Loaded item: CarrotButter
[Info   : Unity Log] Loaded item: Broth
[Info   : Unity Log] Loaded item: CBJSandwich
[Info   : Unity Log] Loaded item: DukesJelly
[Info   : Unity Log] Loaded item: FlaxSeeds
[Info   : Unity Log] Loaded item: FruitSmoothie
[Info   : Unity Log] Loaded item: VegetableSmoothie
[Info   : Unity Log] Loaded item: Shawarma
[Info   : Unity Log] Loaded item: Durum
[Info   : Unity Log] Loaded item: Pancake
[Info   : Unity Log] Loaded item: BloodSausage
[Info   : Unity Log] Loaded item: Energybar
[Info   : Unity Log] Loaded item: Terrine
[Info   : Unity Log] Loaded item: VensionHeadTaco
[Info   : Unity Log] Loaded item: FishStew
[Info   : Unity Log] Loaded item: Pigs
[Info   : Unity Log] Loaded item: SaladBowl
[Info   : Unity Log] Loaded item: Burger
[Info   : Unity Log] Loaded item: NeckTailSkewer
[Info   : Unity Log] Loaded item recipe: Recipe_Hotdog
[Info   : Unity Log] Loaded item recipe: Recipe_CarrotOil
[Info   : Unity Log] Loaded item recipe: Recipe_DragonOmelette
[Info   : Unity Log] Loaded item recipe: Recipe_Vinegar
[Info   : Unity Log] Loaded item recipe: Recipe_JamSandwich
[Info   : Unity Log] Loaded item recipe: Recipe_HoneySandwich
[Info   : Unity Log] Loaded item recipe: Recipe_CarrotButter
[Info   : Unity Log] Loaded item recipe: Recipe_Broth
[Info   : Unity Log] Loaded item recipe: Recipe_CBJSandwich
[Info   : Unity Log] Loaded item recipe: Recipe_DukesJelly
[Info   : Unity Log] Loaded item recipe: Recipe_FlaxSeeds
[Info   : Unity Log] Loaded item recipe: Recipe_FruitSmoothie
[Info   : Unity Log] Loaded item recipe: Recipe_VegetableSmoothie
[Info   : Unity Log] Loaded item recipe: Recipe_Shawarma
[Info   : Unity Log] Loaded item recipe: Recipe_Durum
[Info   : Unity Log] Loaded item recipe: Recipe_Pancake
[Info   : Unity Log] Loaded item recipe: Recipe_BloodSausage
[Info   : Unity Log] Loaded item recipe: Recipe_Energybar
[Info   : Unity Log] Loaded item recipe: Recipe_Terrine
[Info   : Unity Log] Loaded item recipe: Recipe_VensionHeadTaco
[Info   : Unity Log] Loaded item recipe: Recipe_FishStew
[Info   : Unity Log] Loaded item recipe: Recipe_Pigs
[Info   : Unity Log] Loaded item recipe: Recipe_SaladBowl
[Info   : Unity Log] Loaded item recipe: Recipe_Burger
[Info   : Unity Log] Loaded item recipe: Recipe_NeckTailSkewer
[Info   : Unity Log] ---- Loading piece tables ----
[Info   : Unity Log] Loaded existing piece table: _HoePieceTable
[Info   : Unity Log] Loaded existing piece table: _CultivatorPieceTable
[Info   : Unity Log] Loaded existing piece table: _HammerPieceTable
[Info   : Unity Log] ---- Loading pieces ----
[Info   : Unity Log] Registered piece: BlackMetalBarStack to Hammer
[Info   : Unity Log] Registered piece: CopperBarStack to Hammer
[Info   : Unity Log] Registered piece: IronBarStack to Hammer
[Info   : Unity Log] Registered piece: SilverBarStack to Hammer
[Info   : Unity Log] Registered piece: TinBarStack to Hammer
[Info   : Unity Log] Registered piece: BronzeBarStack to Hammer
[Info   : Unity Log] Registered piece: TreasureChest to Hammer
[Info   : Unity Log] Registered piece: FineWoodStack to Hammer
[Info   : Unity Log] Registered piece: CoreWoodStack to Hammer
[Info   : Unity Log] Registered piece: CoinPile to Hammer
[Info   : Unity Log] Registered piece: h_drawbridge01 to Hammer
[Info   : Unity Log] Registered piece: lift_gate to Hammer
[Info   : Unity Log] Registered piece: Hayze_gate_01 to Hammer
[Info   : Unity Log] Registered piece: Hayze_gate_02 to Hammer
[Info   : Unity Log] Registered piece: Hayze_gate_03 to Hammer
[Info   : Unity Log] Registered piece: h_trapdoor to Hammer
[Info   : Unity Log] Registered piece: h_trapdoorbig to Hammer
[Info   : Unity Log] Registered piece: h_trapdoor2 to Hammer
[Info   : Unity Log] Registered piece: h_trapdoorbig2 to Hammer
[Info   : Unity Log] Registered piece: hayzestake_01 to Hammer
[Info   : Unity Log] Registered piece: corewood_stack to Hammer
[Info   : Unity Log] [PrefabCreator] Added recipe: Recipe_LeatherBelt
[Info   : Unity Log] [PrefabCreator] Added recipe: Recipe_SilverRing
[Info   : Unity Log] [PrefabCreator] Added recipe: Recipe_GoldRubyRing
[Info   : Unity Log] [PrefabCreator] Added recipe: Recipe_ShardRareUpgrade
[Info   : Unity Log] [PrefabCreator] Added recipe: Recipe_ShardEpicUpgrade
[Info   : Unity Log] [PrefabCreator] Added recipe: Recipe_ShardLegendaryUpgrade
[Info   : Unity Log] [PrefabCreator] Added recipe: Recipe_DustRareUpgrade
[Info   : Unity Log] [PrefabCreator] Added recipe: Recipe_DustEpicUpgrade
[Info   : Unity Log] [PrefabCreator] Added recipe: Recipe_DustLegendaryUpgrade
[Info   : Unity Log] [PrefabCreator] Added recipe: Recipe_ReagentRareUpgrade
[Info   : Unity Log] [PrefabCreator] Added recipe: Recipe_ReagentEpicUpgrade
[Info   : Unity Log] [PrefabCreator] Added recipe: Recipe_ReagentLegendaryUpgrade
[Info   : Unity Log] [PrefabCreator] Added recipe: Recipe_EssenceRareUpgrade
[Info   : Unity Log] [PrefabCreator] Added recipe: Recipe_EssenceEpicUpgrade
[Info   : Unity Log] [PrefabCreator] Added recipe: Recipe_EssenceLegendaryUpgrade
[Info   : Unity Log] [PrefabCreator] Added recipe: Recipe_RunestoneRareUpgrade
[Info   : Unity Log] [PrefabCreator] Added recipe: Recipe_RunestoneEpicUpgrade
[Info   : Unity Log] [PrefabCreator] Added recipe: Recipe_RunestoneLegendaryUpgrade
[Info   : Unity Log] [PrefabCreator] Added recipe: Recipe_MagicShardToDust_Conversion
[Info   : Unity Log] [PrefabCreator] Added recipe: Recipe_MagicShardToEssence_Conversion
[Info   : Unity Log] [PrefabCreator] Added recipe: Recipe_MagicShardToReagent_Conversion
[Info   : Unity Log] [PrefabCreator] Added recipe: Recipe_RareShardToDust_Conversion
[Info   : Unity Log] [PrefabCreator] Added recipe: Recipe_RareShardToEssence_Conversion
[Info   : Unity Log] [PrefabCreator] Added recipe: Recipe_RareShardToReagent_Conversion
[Info   : Unity Log] [PrefabCreator] Added recipe: Recipe_EpicShardToDust_Conversion
[Info   : Unity Log] [PrefabCreator] Added recipe: Recipe_EpicShardToEssence_Conversion
[Info   : Unity Log] [PrefabCreator] Added recipe: Recipe_EpicShardToReagent_Conversion
[Info   : Unity Log] [PrefabCreator] Added recipe: Recipe_LegendaryShardToDust_Conversion
[Info   : Unity Log] [PrefabCreator] Added recipe: Recipe_LegendaryShardToEssence_Conversion
[Info   : Unity Log] [PrefabCreator] Added recipe: Recipe_LegendaryShardToReagent_Conversion
[Info   : Unity Log] [PrefabCreator] Added recipe: Recipe_BoneSkeletonTrophy
[Info   : Unity Log] [PrefabCreator] Added recipe: Recipe_EyeGreydwarfTrophy
[Info   : Unity Log] [PrefabCreator] Added recipe: Recipe_AntlerDeerTrophy
[Info   : Unity Log] [PrefabCreator] Added recipe: Recipe_HideTrollTrophy
[Info   : Unity Log] [PrefabCreator] Added recipe: Recipe_CoreSurtlingTrophy
[Info   : Unity Log] [PrefabCreator] Added recipe: Recipe_FreezeGlandDrakeTrophy
[Info   : Unity Log] 05/12/2021 23:31:52: Audioman already exist, destroying self

[Info   : Unity Log] Version generator started.
[Info   : Unity Log] Version generated with enforced mod : 0.153.2 (WorldofValheimServerSideCharacters v0.7.0) (WorldofValheimZones v0.7.0)@0.9.7
[Info   : Unity Log] [BetterUI] User has 17 ui elements set.
[Info   : Unity Log] [BetterUI] Removing 1 unused elements.
[Info   : Unity Log] [BetterUI] Remove QuickSlots as not used.
[Info   : Unity Log] 05/12/2021 23:31:52: Checking for installed DLCs

[Info   : Unity Log] 05/12/2021 23:31:52: DLC:beta installed:False

[Info   :   Console] Valheim - Permissions: ClientSideCommands RPC Created
[Info   :   Console] WoV - SSC: New Connection! Reseting Connection Count to 0
[Info   :   Console] WoV - Zones: AddZone RPC Created
[Info   : Unity Log] 05/12/2021 23:31:54: Zonesystem Start 1018

[Info   : Unity Log] 05/12/2021 23:31:55: DungeonDB Start 1018

[Info   : Unity Log] 05/12/2021 23:31:55: Connecting to server 64.44.162.93:2956

[Info   : Unity Log] 05/12/2021 23:31:55: Starting to connect to 64.44.162.93:2956

[Info   : Unity Log] CustomServerLoadingScreen New connection
[Info   :   Console] WoV - SSC: Checking connection?
[Info   :   Console] WoV - Zones: Server Zone Enforced: True
[Info   :   Console] WoV - Zones: Caching our SteamID as 76561198053330247
[Info   : Unity Log] [PrefabCreator] Removed recipe (Recipe_LeatherBelt): 1
[Info   : Unity Log] [PrefabCreator] Added recipe: Recipe_LeatherBelt
[Info   : Unity Log] [PrefabCreator] Removed recipe (Recipe_SilverRing): 1
[Info   : Unity Log] [PrefabCreator] Added recipe: Recipe_SilverRing
[Info   : Unity Log] [PrefabCreator] Removed recipe (Recipe_GoldRubyRing): 1
[Info   : Unity Log] [PrefabCreator] Added recipe: Recipe_GoldRubyRing
[Info   : Unity Log] [PrefabCreator] Removed recipe (Recipe_ShardRareUpgrade): 1
[Info   : Unity Log] [PrefabCreator] Added recipe: Recipe_ShardRareUpgrade
[Info   : Unity Log] [PrefabCreator] Removed recipe (Recipe_ShardEpicUpgrade): 1
[Info   : Unity Log] [PrefabCreator] Added recipe: Recipe_ShardEpicUpgrade
[Info   : Unity Log] [PrefabCreator] Removed recipe (Recipe_ShardLegendaryUpgrade): 1
[Info   : Unity Log] [PrefabCreator] Added recipe: Recipe_ShardLegendaryUpgrade
[Info   : Unity Log] [PrefabCreator] Removed recipe (Recipe_DustRareUpgrade): 1
[Info   : Unity Log] [PrefabCreator] Added recipe: Recipe_DustRareUpgrade
[Info   : Unity Log] [PrefabCreator] Removed recipe (Recipe_DustEpicUpgrade): 1
[Info   : Unity Log] [PrefabCreator] Added recipe: Recipe_DustEpicUpgrade
[Info   : Unity Log] [PrefabCreator] Removed recipe (Recipe_DustLegendaryUpgrade): 1
[Info   : Unity Log] [PrefabCreator] Added recipe: Recipe_DustLegendaryUpgrade
[Info   : Unity Log] [PrefabCreator] Removed recipe (Recipe_ReagentRareUpgrade): 1
[Info   : Unity Log] [PrefabCreator] Added recipe: Recipe_ReagentRareUpgrade
[Info   : Unity Log] [PrefabCreator] Removed recipe (Recipe_ReagentEpicUpgrade): 1
[Info   : Unity Log] [PrefabCreator] Added recipe: Recipe_ReagentEpicUpgrade
[Info   : Unity Log] [PrefabCreator] Removed recipe (Recipe_ReagentLegendaryUpgrade): 1
[Info   : Unity Log] [PrefabCreator] Added recipe: Recipe_ReagentLegendaryUpgrade
[Info   : Unity Log] [PrefabCreator] Removed recipe (Recipe_EssenceRareUpgrade): 1
[Info   : Unity Log] [PrefabCreator] Added recipe: Recipe_EssenceRareUpgrade
[Info   : Unity Log] [PrefabCreator] Removed recipe (Recipe_EssenceEpicUpgrade): 1
[Info   : Unity Log] [PrefabCreator] Added recipe: Recipe_EssenceEpicUpgrade
[Info   : Unity Log] [PrefabCreator] Removed recipe (Recipe_EssenceLegendaryUpgrade): 1
[Info   : Unity Log] [PrefabCreator] Added recipe: Recipe_EssenceLegendaryUpgrade
[Info   : Unity Log] [PrefabCreator] Removed recipe (Recipe_RunestoneRareUpgrade): 1
[Info   : Unity Log] [PrefabCreator] Added recipe: Recipe_RunestoneRareUpgrade
[Info   : Unity Log] [PrefabCreator] Removed recipe (Recipe_RunestoneEpicUpgrade): 1
[Info   : Unity Log] [PrefabCreator] Added recipe: Recipe_RunestoneEpicUpgrade
[Info   : Unity Log] [PrefabCreator] Removed recipe (Recipe_RunestoneLegendaryUpgrade): 1
[Info   : Unity Log] [PrefabCreator] Added recipe: Recipe_RunestoneLegendaryUpgrade
[Info   : Unity Log] [PrefabCreator] Removed recipe (Recipe_MagicShardToDust_Conversion): 1
[Info   : Unity Log] [PrefabCreator] Added recipe: Recipe_MagicShardToDust_Conversion
[Info   : Unity Log] [PrefabCreator] Removed recipe (Recipe_MagicShardToEssence_Conversion): 1
[Info   : Unity Log] [PrefabCreator] Added recipe: Recipe_MagicShardToEssence_Conversion
[Info   : Unity Log] [PrefabCreator] Removed recipe (Recipe_MagicShardToReagent_Conversion): 1
[Info   : Unity Log] [PrefabCreator] Added recipe: Recipe_MagicShardToReagent_Conversion
[Info   : Unity Log] [PrefabCreator] Removed recipe (Recipe_RareShardToDust_Conversion): 1
[Info   : Unity Log] [PrefabCreator] Added recipe: Recipe_RareShardToDust_Conversion
[Info   : Unity Log] [PrefabCreator] Removed recipe (Recipe_RareShardToEssence_Conversion): 1
[Info   : Unity Log] [PrefabCreator] Added recipe: Recipe_RareShardToEssence_Conversion
[Info   : Unity Log] [PrefabCreator] Removed recipe (Recipe_RareShardToReagent_Conversion): 1
[Info   : Unity Log] [PrefabCreator] Added recipe: Recipe_RareShardToReagent_Conversion
[Info   : Unity Log] [PrefabCreator] Removed recipe (Recipe_EpicShardToDust_Conversion): 1
[Info   : Unity Log] [PrefabCreator] Added recipe: Recipe_EpicShardToDust_Conversion
[Info   : Unity Log] [PrefabCreator] Removed recipe (Recipe_EpicShardToEssence_Conversion): 1
[Info   : Unity Log] [PrefabCreator] Added recipe: Recipe_EpicShardToEssence_Conversion
[Info   : Unity Log] [PrefabCreator] Removed recipe (Recipe_EpicShardToReagent_Conversion): 1
[Info   : Unity Log] [PrefabCreator] Added recipe: Recipe_EpicShardToReagent_Conversion
[Info   : Unity Log] [PrefabCreator] Removed recipe (Recipe_LegendaryShardToDust_Conversion): 1
[Info   : Unity Log] [PrefabCreator] Added recipe: Recipe_LegendaryShardToDust_Conversion
[Info   : Unity Log] [PrefabCreator] Removed recipe (Recipe_LegendaryShardToEssence_Conversion): 1
[Info   : Unity Log] [PrefabCreator] Added recipe: Recipe_LegendaryShardToEssence_Conversion
[Info   : Unity Log] [PrefabCreator] Removed recipe (Recipe_LegendaryShardToReagent_Conversion): 1
[Info   : Unity Log] [PrefabCreator] Added recipe: Recipe_LegendaryShardToReagent_Conversion
[Info   : Unity Log] [PrefabCreator] Removed recipe (Recipe_BoneSkeletonTrophy): 1
[Info   : Unity Log] [PrefabCreator] Added recipe: Recipe_BoneSkeletonTrophy
[Info   : Unity Log] [PrefabCreator] Removed recipe (Recipe_EyeGreydwarfTrophy): 1
[Info   : Unity Log] [PrefabCreator] Added recipe: Recipe_EyeGreydwarfTrophy
[Info   : Unity Log] [PrefabCreator] Removed recipe (Recipe_AntlerDeerTrophy): 1
[Info   : Unity Log] [PrefabCreator] Added recipe: Recipe_AntlerDeerTrophy
[Info   : Unity Log] [PrefabCreator] Removed recipe (Recipe_HideTrollTrophy): 1
[Info   : Unity Log] [PrefabCreator] Added recipe: Recipe_HideTrollTrophy
[Info   : Unity Log] [PrefabCreator] Removed recipe (Recipe_CoreSurtlingTrophy): 1
[Info   : Unity Log] [PrefabCreator] Added recipe: Recipe_CoreSurtlingTrophy
[Info   : Unity Log] [PrefabCreator] Removed recipe (Recipe_FreezeGlandDrakeTrophy): 1
[Info   : Unity Log] [PrefabCreator] Added recipe: Recipe_FreezeGlandDrakeTrophy
[Info   : Unity Log] 05/12/2021 23:31:55: Got status changed msg k_ESteamNetworkingConnectionState_Connecting

[Info   : Unity Log] 05/12/2021 23:31:55: New connection

[Info   : Unity Log] 05/12/2021 23:31:55: Got status changed msg k_ESteamNetworkingConnectionState_Connected

[Info   : Unity Log] 05/12/2021 23:31:55: Connected

[Info   : Unity Log] 05/12/2021 23:31:55: Got connection SteamID 90146603112049672

[Warning: Unity Log] Deserialized config (loottables.json)
[Warning: Unity Log] Deserialized config (magiceffects.json)
[Warning: Unity Log] Deserialized config (iteminfo.json)
[Warning: Unity Log] Deserialized config (recipes.json)
[Warning: Unity Log] Deserialized config (enchantcosts.json)
[Warning: Unity Log] Deserialized config (itemnames.json)
[Warning: Unity Log] Deserialized config (adventuredata.json)
[Info   : Unity Log] [PrefabCreator] Removed recipe (Recipe_LeatherBelt): 1
[Info   : Unity Log] [PrefabCreator] Added recipe: Recipe_LeatherBelt
[Info   : Unity Log] [PrefabCreator] Removed recipe (Recipe_SilverRing): 1
[Info   : Unity Log] [PrefabCreator] Added recipe: Recipe_SilverRing
[Info   : Unity Log] [PrefabCreator] Removed recipe (Recipe_GoldRubyRing): 1
[Info   : Unity Log] [PrefabCreator] Added recipe: Recipe_GoldRubyRing
[Info   : Unity Log] [PrefabCreator] Removed recipe (Recipe_ShardRareUpgrade): 1
[Info   : Unity Log] [PrefabCreator] Added recipe: Recipe_ShardRareUpgrade
[Info   : Unity Log] [PrefabCreator] Removed recipe (Recipe_ShardEpicUpgrade): 1
[Info   : Unity Log] [PrefabCreator] Added recipe: Recipe_ShardEpicUpgrade
[Info   : Unity Log] [PrefabCreator] Removed recipe (Recipe_ShardLegendaryUpgrade): 1
[Info   : Unity Log] [PrefabCreator] Added recipe: Recipe_ShardLegendaryUpgrade
[Info   : Unity Log] [PrefabCreator] Removed recipe (Recipe_DustRareUpgrade): 1
[Info   : Unity Log] [PrefabCreator] Added recipe: Recipe_DustRareUpgrade
[Info   : Unity Log] [PrefabCreator] Removed recipe (Recipe_DustEpicUpgrade): 1
[Info   : Unity Log] [PrefabCreator] Added recipe: Recipe_DustEpicUpgrade
[Info   : Unity Log] [PrefabCreator] Removed recipe (Recipe_DustLegendaryUpgrade): 1
[Info   : Unity Log] [PrefabCreator] Added recipe: Recipe_DustLegendaryUpgrade
[Info   : Unity Log] [PrefabCreator] Removed recipe (Recipe_ReagentRareUpgrade): 1
[Info   : Unity Log] [PrefabCreator] Added recipe: Recipe_ReagentRareUpgrade
[Info   : Unity Log] [PrefabCreator] Removed recipe (Recipe_ReagentEpicUpgrade): 1
[Info   : Unity Log] [PrefabCreator] Added recipe: Recipe_ReagentEpicUpgrade
[Info   : Unity Log] [PrefabCreator] Removed recipe (Recipe_ReagentLegendaryUpgrade): 1
[Info   : Unity Log] [PrefabCreator] Added recipe: Recipe_ReagentLegendaryUpgrade
[Info   : Unity Log] [PrefabCreator] Removed recipe (Recipe_EssenceRareUpgrade): 1
[Info   : Unity Log] [PrefabCreator] Added recipe: Recipe_EssenceRareUpgrade
[Info   : Unity Log] [PrefabCreator] Removed recipe (Recipe_EssenceEpicUpgrade): 1
[Info   : Unity Log] [PrefabCreator] Added recipe: Recipe_EssenceEpicUpgrade
[Info   : Unity Log] [PrefabCreator] Removed recipe (Recipe_EssenceLegendaryUpgrade): 1
[Info   : Unity Log] [PrefabCreator] Added recipe: Recipe_EssenceLegendaryUpgrade
[Info   : Unity Log] [PrefabCreator] Removed recipe (Recipe_RunestoneRareUpgrade): 1
[Info   : Unity Log] [PrefabCreator] Added recipe: Recipe_RunestoneRareUpgrade
[Info   : Unity Log] [PrefabCreator] Removed recipe (Recipe_RunestoneEpicUpgrade): 1
[Info   : Unity Log] [PrefabCreator] Added recipe: Recipe_RunestoneEpicUpgrade
[Info   : Unity Log] [PrefabCreator] Removed recipe (Recipe_RunestoneLegendaryUpgrade): 1
[Info   : Unity Log] [PrefabCreator] Added recipe: Recipe_RunestoneLegendaryUpgrade
[Info   : Unity Log] [PrefabCreator] Removed recipe (Recipe_MagicShardToDust_Conversion): 1
[Info   : Unity Log] [PrefabCreator] Added recipe: Recipe_MagicShardToDust_Conversion
[Info   : Unity Log] [PrefabCreator] Removed recipe (Recipe_MagicShardToEssence_Conversion): 1
[Info   : Unity Log] [PrefabCreator] Added recipe: Recipe_MagicShardToEssence_Conversion
[Info   : Unity Log] [PrefabCreator] Removed recipe (Recipe_MagicShardToReagent_Conversion): 1
[Info   : Unity Log] [PrefabCreator] Added recipe: Recipe_MagicShardToReagent_Conversion
[Info   : Unity Log] [PrefabCreator] Removed recipe (Recipe_RareShardToDust_Conversion): 1
[Info   : Unity Log] [PrefabCreator] Added recipe: Recipe_RareShardToDust_Conversion
[Info   : Unity Log] [PrefabCreator] Removed recipe (Recipe_RareShardToEssence_Conversion): 1
[Info   : Unity Log] [PrefabCreator] Added recipe: Recipe_RareShardToEssence_Conversion
[Info   : Unity Log] [PrefabCreator] Removed recipe (Recipe_RareShardToReagent_Conversion): 1
[Info   : Unity Log] [PrefabCreator] Added recipe: Recipe_RareShardToReagent_Conversion
[Info   : Unity Log] [PrefabCreator] Removed recipe (Recipe_EpicShardToDust_Conversion): 1
[Info   : Unity Log] [PrefabCreator] Added recipe: Recipe_EpicShardToDust_Conversion
[Info   : Unity Log] [PrefabCreator] Removed recipe (Recipe_EpicShardToEssence_Conversion): 1
[Info   : Unity Log] [PrefabCreator] Added recipe: Recipe_EpicShardToEssence_Conversion
[Info   : Unity Log] [PrefabCreator] Removed recipe (Recipe_EpicShardToReagent_Conversion): 1
[Info   : Unity Log] [PrefabCreator] Added recipe: Recipe_EpicShardToReagent_Conversion
[Info   : Unity Log] [PrefabCreator] Removed recipe (Recipe_LegendaryShardToDust_Conversion): 1
[Info   : Unity Log] [PrefabCreator] Added recipe: Recipe_LegendaryShardToDust_Conversion
[Info   : Unity Log] [PrefabCreator] Removed recipe (Recipe_LegendaryShardToEssence_Conversion): 1
[Info   : Unity Log] [PrefabCreator] Added recipe: Recipe_LegendaryShardToEssence_Conversion
[Info   : Unity Log] [PrefabCreator] Removed recipe (Recipe_LegendaryShardToReagent_Conversion): 1
[Info   : Unity Log] [PrefabCreator] Added recipe: Recipe_LegendaryShardToReagent_Conversion
[Info   : Unity Log] [PrefabCreator] Removed recipe (Recipe_BoneSkeletonTrophy): 1
[Info   : Unity Log] [PrefabCreator] Added recipe: Recipe_BoneSkeletonTrophy
[Info   : Unity Log] [PrefabCreator] Removed recipe (Recipe_EyeGreydwarfTrophy): 1
[Info   : Unity Log] [PrefabCreator] Added recipe: Recipe_EyeGreydwarfTrophy
[Info   : Unity Log] [PrefabCreator] Removed recipe (Recipe_AntlerDeerTrophy): 1
[Info   : Unity Log] [PrefabCreator] Added recipe: Recipe_AntlerDeerTrophy
[Info   : Unity Log] [PrefabCreator] Removed recipe (Recipe_HideTrollTrophy): 1
[Info   : Unity Log] [PrefabCreator] Added recipe: Recipe_HideTrollTrophy
[Info   : Unity Log] [PrefabCreator] Removed recipe (Recipe_CoreSurtlingTrophy): 1
[Info   : Unity Log] [PrefabCreator] Added recipe: Recipe_CoreSurtlingTrophy
[Info   : Unity Log] [PrefabCreator] Removed recipe (Recipe_FreezeGlandDrakeTrophy): 1
[Info   : Unity Log] [PrefabCreator] Added recipe: Recipe_FreezeGlandDrakeTrophy
[Info   : Unity Log] CustomServerLoadingScreen RPC_ShareLoadingScreen received
[Info   : Unity Log] CustomServerLoadingScreen data: https://i.imgur.com/fLmFX7P.png^VBR REVIVE!
	path: https://i.imgur.com/fLmFX7P.png
	tip: VBR REVIVE!
[Info   :ValheimFaveServers] Prefilling server password in update password patch
[Info   : Unity Log] CustomServerLoadingScreen Loaded texture from https://i.imgur.com/fLmFX7P.png!
[Info   : Unity Log] CustomServerLoadingScreen setting sprite to menu background screen
[Info   : Unity Log] CustomServerLoadingScreen setting sprite to loading screen
[Info   : Unity Log] Version generator started.
[Info   : Unity Log] Version generated with enforced mod : 0.153.2 (WorldofValheimServerSideCharacters v0.7.0) (WorldofValheimZones v0.7.0)@0.9.7
[Info   : Unity Log] Version generator started.
[Info   : Unity Log] Version generated with enforced mod : 0.153.2 (WorldofValheimServerSideCharacters v0.7.0) (WorldofValheimZones v0.7.0)@0.9.7
[Info   : Unity Log] 05/12/2021 23:32:00: VERSION check their:0.153.2 (WorldofValheimServerSideCharacters v0.7.0) (WorldofValheimZones v0.7.0)@0.9.7  mine:0.153.2 (WorldofValheimServerSideCharacters v0.7.0) (WorldofValheimZones v0.7.0)@0.9.7

[Info   : Unity Log] Version generator started.
[Info   : Unity Log] Version generated with enforced mod : 0.153.2 (WorldofValheimServerSideCharacters v0.7.0) (WorldofValheimZones v0.7.0)@0.9.7
[Info   : Unity Log] 05/12/2021 23:32:03: -------------------- SENDING VPLUGCONFIGSYNC REQUEST

[Info   :   Console] WoV - SSC: Server->Client CharacterData
[Info   :   Console] WoV - SSC: Connection to server established! Changing ConnectionCount!
[Info   :   Console] WoV - SSC: Clearing all RPC connections
[Info   :   Console] WoV - SSC: Establishing RPC Connection
[Info   :   Console] WoV - Zones: S2C Zone (RPC Call)
[Info   :   Console] WoV - Zones: S2C Client (RPC Call)
[Info   : Unity Log] 05/12/2021 23:32:03: client got keys 4

[Info   : Unity Log] 05/12/2021 23:32:03: client got location icons

[Info   : Unity Log] 05/12/2021 23:32:03: Icons:1

[Info   :   Console] WoV - SSC: Server->Client CharacterUpdate
[Info   : Unity Log] 05/12/2021 23:32:03: Session auth respons callback

[Info   : Unity Log] 05/12/2021 23:32:11: Starting respawn

[Info   :   Console] WoV - SSC: Attempting to load character...
[Info   :   Console] WoV - SSC: Load Successful! Welcome Detailss!
[Info   : Unity Log] Loading config section AdvancedBuildingMode
[Info   : Unity Log]  Loading key enterAdvancedBuildingMode
[Warning: Unity Log]  Could not load data of type UnityEngine.KeyCode for key enterAdvancedBuildingMode
[Info   : Unity Log]  Loading key exitAdvancedBuildingMode
[Warning: Unity Log]  Could not load data of type UnityEngine.KeyCode for key exitAdvancedBuildingMode
[Info   : Unity Log]  Loading key copyObjectRotation
[Warning: Unity Log]  Could not load data of type UnityEngine.KeyCode for key copyObjectRotation
[Info   : Unity Log]  Loading key pasteObjectRotation
[Warning: Unity Log]  Could not load data of type UnityEngine.KeyCode for key pasteObjectRotation
[Info   : Unity Log]  Loading key increaseScrollSpeed
[Warning: Unity Log]  Could not load data of type UnityEngine.KeyCode for key increaseScrollSpeed
[Info   : Unity Log]  Loading key decreaseScrollSpeed
[Warning: Unity Log]  Could not load data of type UnityEngine.KeyCode for key decreaseScrollSpeed
[Info   : Unity Log] Loading config section AdvancedEditingMode
[Info   : Unity Log]  Loading key enterAdvancedEditingMode
[Warning: Unity Log]  Could not load data of type UnityEngine.KeyCode for key enterAdvancedEditingMode
[Info   : Unity Log]  Loading key resetAdvancedEditingMode
[Warning: Unity Log]  Could not load data of type UnityEngine.KeyCode for key resetAdvancedEditingMode
[Info   : Unity Log]  Loading key abortAndExitAdvancedEditingMode
[Warning: Unity Log]  Could not load data of type UnityEngine.KeyCode for key abortAndExitAdvancedEditingMode
[Info   : Unity Log]  Loading key confirmPlacementOfAdvancedEditingMode
[Warning: Unity Log]  Could not load data of type UnityEngine.KeyCode for key confirmPlacementOfAdvancedEditingMode
[Info   : Unity Log]  Loading key copyObjectRotation
[Warning: Unity Log]  Could not load data of type UnityEngine.KeyCode for key copyObjectRotation
[Info   : Unity Log]  Loading key pasteObjectRotation
[Warning: Unity Log]  Could not load data of type UnityEngine.KeyCode for key pasteObjectRotation
[Info   : Unity Log]  Loading key increaseScrollSpeed
[Warning: Unity Log]  Could not load data of type UnityEngine.KeyCode for key increaseScrollSpeed
[Info   : Unity Log]  Loading key decreaseScrollSpeed
[Warning: Unity Log]  Could not load data of type UnityEngine.KeyCode for key decreaseScrollSpeed
[Info   : Unity Log] Loading config section Beehive
[Info   : Unity Log]  Section not enabled
[Info   : Unity Log] Loading config section Building
[Info   : Unity Log]  Loading key noInvalidPlacementRestriction
[Info   : Unity Log]  Loading key noMysticalForcesPreventPlacementRestriction
[Info   : Unity Log]  Loading key noWeatherDamage
[Info   : Unity Log]  Loading key maximumPlacementDistance
[Info   : Unity Log]  Loading key pieceComfortRadius
[Info   : Unity Log]  Loading key alwaysDropResources
[Info   : Unity Log]  Loading key alwaysDropExcludedResources
[Info   : Unity Log]  Loading key enableAreaRepair
[Info   : Unity Log]  Loading key areaRepairRadius
[Info   : Unity Log] Loading config section Deconstruct
[Info   : Unity Log]  Section not enabled
[Info   : Unity Log] Loading config section Inventory
[Info   : Unity Log]  Loading key inventoryFillTopToBottom
[Info   : Unity Log]  Loading key mergeWithExistingStacks
[Info   : Unity Log]  Loading key playerInventoryRows
[Info   : Unity Log]  Loading key woodChestColumns
[Info   : Unity Log]  Loading key woodChestRows
[Info   : Unity Log]  Loading key personalChestColumns
[Info   : Unity Log]  Loading key personalChestRows
[Info   : Unity Log]  Loading key ironChestColumns
[Info   : Unity Log]  Loading key ironChestRows
[Info   : Unity Log]  Loading key cartInventoryColumns
[Info   : Unity Log]  Loading key cartInventoryRows
[Info   : Unity Log]  Loading key karveInventoryColumns
[Info   : Unity Log]  Loading key karveInventoryRows
[Info   : Unity Log]  Loading key longboatInventoryColumns
[Info   : Unity Log]  Loading key longboatInventoryRows
[Info   : Unity Log] Loading config section Items
[Info   : Unity Log]  Loading key noTeleportPrevention
[Info   : Unity Log]  Loading key baseItemWeightReduction
[Info   : Unity Log]  Loading key itemStackMultiplier
[Info   : Unity Log]  Loading key droppedItemOnGroundDurationInSeconds
[Info   : Unity Log] Loading config section Fermenter
[Info   : Unity Log]  Loading key fermenterDuration
[Info   : Unity Log]  Loading key fermenterItemsProduced
[Info   : Unity Log]  Loading key showDuration
[Info   : Unity Log]  Loading key autoDeposit
[Info   : Unity Log]  Loading key autoFuel
[Info   : Unity Log]  Loading key ignorePrivateAreaCheck
[Info   : Unity Log]  Loading key autoRange
[Info   : Unity Log] Loading config section FireSource
[Info   : Unity Log]  Section not enabled
[Info   : Unity Log] Loading config section Food
[Info   : Unity Log]  Loading key foodDurationMultiplier
[Info   : Unity Log]  Loading key disableFoodDegradation
[Info   : Unity Log] Loading config section Smelter
[Info   : Unity Log]  Loading key maximumOre
[Info   : Unity Log]  Loading key maximumCoal
[Info   : Unity Log]  Loading key coalUsedPerProduct
[Info   : Unity Log]  Loading key productionSpeed
[Info   : Unity Log]  Loading key autoDeposit
[Info   : Unity Log]  Loading key autoFuel
[Info   : Unity Log]  Loading key ignorePrivateAreaCheck
[Info   : Unity Log]  Loading key autoRange
[Info   : Unity Log] Loading config section Furnace
[Info   : Unity Log]  Loading key maximumOre
[Info   : Unity Log]  Loading key maximumCoal
[Info   : Unity Log]  Loading key coalUsedPerProduct
[Info   : Unity Log]  Loading key productionSpeed
[Info   : Unity Log]  Loading key autoDeposit
[Info   : Unity Log]  Loading key autoFuel
[Info   : Unity Log]  Loading key ignorePrivateAreaCheck
[Info   : Unity Log]  Loading key autoRange
[Info   : Unity Log]  Loading key allowAllOres
[Info   : Unity Log] Loading config section Hotkeys
[Info   : Unity Log]  Section not enabled
[Info   : Unity Log] Loading config section Kiln
[Info   : Unity Log]  Loading key productionSpeed
[Info   : Unity Log]  Loading key maximumWood
[Info   : Unity Log]  Loading key dontProcessFineWood
[Info   : Unity Log]  Loading key dontProcessRoundLog
[Info   : Unity Log]  Loading key autoDeposit
[Info   : Unity Log]  Loading key autoFuel
[Info   : Unity Log]  Loading key stopAutoFuelThreshold
[Info   : Unity Log]  Key ignorePrivateAreaCheck not defined, using default value
[Info   : Unity Log]  Loading key autoRange
[Info   : Unity Log] Loading config section Windmill
[Info   : Unity Log]  Section not enabled
[Info   : Unity Log] Loading config section SpinningWheel
[Info   : Unity Log]  Section not enabled
[Info   : Unity Log] Loading config section Map
[Info   : Unity Log]  Section not enabled
[Info   : Unity Log] Loading config section Player
[Info   : Unity Log]  Loading key baseMaximumWeight
[Info   : Unity Log]  Loading key baseMegingjordBuff
[Info   : Unity Log]  Loading key baseAutoPickUpRange
[Info   : Unity Log]  Loading key disableCameraShake
[Info   : Unity Log]  Loading key baseUnarmedDamage
[Info   : Unity Log]  Loading key cropNotifier
[Info   : Unity Log]  Loading key restSecondsPerComfortLevel
[Info   : Unity Log]  Loading key deathPenaltyMultiplier
[Info   : Unity Log]  Loading key autoRepair
[Info   : Unity Log]  Loading key guardianBuffDuration
[Info   : Unity Log]  Loading key guardianBuffCooldown
[Info   : Unity Log]  Loading key disableGuardianBuffAnimation
[Info   : Unity Log]  Loading key autoEquipShield
[Info   : Unity Log]  Loading key skipIntro
[Info   : Unity Log]  Loading key iHaveArrivedOnSpawn
[Info   : Unity Log]  Loading key queueWeaponChanges
[Info   : Unity Log]  Loading key reequipItemsAfterSwimming
[Info   : Unity Log]  Loading key fallDamageScalePercent
[Info   : Unity Log]  Loading key maxFallDamage
[Info   : Unity Log]  Loading key skipTutorials
[Info   : Unity Log] Loading config section Server
[Info   : Unity Log]  Loading key maxPlayers
[Info   : Unity Log]  Loading key disableServerPassword
[Info   : Unity Log]  Loading key enforceMod
[Info   : Unity Log]  Loading key serverSyncsConfig
[Info   : Unity Log]  Loading key serverSyncHotkeys
[Info   : Unity Log] Loading config section Stamina
[Info   : Unity Log]  Section not enabled
[Info   : Unity Log] Loading config section StaminaUsage
[Info   : Unity Log]  Section not enabled
[Info   : Unity Log] Loading config section Workbench
[Info   : Unity Log]  Loading key workbenchRange
[Info   : Unity Log]  Loading key workbenchAttachmentRange
[Info   : Unity Log]  Loading key disableRoofCheck
[Info   : Unity Log] Loading config section Time
[Info   : Unity Log]  Section not enabled
[Info   : Unity Log] Loading config section Ward
[Info   : Unity Log]  Section not enabled
[Info   : Unity Log] Loading config section StructuralIntegrity
[Info   : Unity Log]  Loading key wood
[Info   : Unity Log]  Loading key stone
[Info   : Unity Log]  Loading key iron
[Info   : Unity Log]  Loading key hardWood
[Info   : Unity Log]  Loading key disableStructuralIntegrity
[Info   : Unity Log]  Loading key disableDamageToPlayerStructures
[Info   : Unity Log]  Loading key disableDamageToPlayerBoats
[Info   : Unity Log]  Loading key disableWaterDamageToPlayerBoats
[Info   : Unity Log] Loading config section Tameable
[Info   : Unity Log]  Section not enabled
[Info   : Unity Log] Loading config section Hud
[Info   : Unity Log]  Loading key showRequiredItems
[Info   : Unity Log]  Loading key experienceGainedNotifications
[Info   : Unity Log]  Key chatMessageDistance not defined, using default value
[Info   : Unity Log]  Loading key displayStaminaValue
[Info   : Unity Log]  Loading key removeDamageFlash
[Info   : Unity Log] Loading config section Experience
[Info   : Unity Log]  Loading key swords
[Info   : Unity Log]  Loading key knives
[Info   : Unity Log]  Loading key clubs
[Info   : Unity Log]  Loading key polearms
[Info   : Unity Log]  Loading key spears
[Info   : Unity Log]  Loading key blocking
[Info   : Unity Log]  Loading key axes
[Info   : Unity Log]  Loading key bows
[Info   : Unity Log]  Loading key fireMagic
[Info   : Unity Log]  Loading key frostMagic
[Info   : Unity Log]  Loading key unarmed
[Info   : Unity Log]  Loading key pickaxes
[Info   : Unity Log]  Loading key woodCutting
[Info   : Unity Log]  Loading key jump
[Info   : Unity Log]  Loading key sneak
[Info   : Unity Log]  Loading key run
[Info   : Unity Log]  Loading key swim
[Info   : Unity Log] Loading config section Camera
[Info   : Unity Log]  Loading key cameraMaximumZoomDistance
[Info   : Unity Log]  Loading key cameraBoatMaximumZoomDistance
[Info   : Unity Log]  Loading key cameraFOV
[Info   : Unity Log] Loading config section Game
[Info   : Unity Log]  Loading key gameDifficultyDamageScale
[Info   : Unity Log]  Loading key gameDifficultyHealthScale
[Info   : Unity Log]  Loading key extraPlayerCountNearby
[Info   : Unity Log]  Loading key setFixedPlayerCountTo
[Info   : Unity Log]  Loading key difficultyScaleRange
[Info   : Unity Log]  Loading key disablePortals
[Info   : Unity Log]  Loading key forceConsole
[Info   : Unity Log]  Loading key bigPortalNames
[Info   : Unity Log] Loading config section Wagon
[Info   : Unity Log]  Section not enabled
[Info   : Unity Log] Loading config section Gathering
[Info   : Unity Log]  Section not enabled
[Info   : Unity Log] Loading config section Pickable
[Info   : Unity Log]  Section not enabled
[Info   : Unity Log] Loading config section Durability
[Info   : Unity Log]  Section not enabled
[Info   : Unity Log] Loading config section Armor
[Info   : Unity Log]  Section not enabled
[Info   : Unity Log] Loading config section FreePlacementRotation
[Info   : Unity Log]  Section not enabled
[Info   : Unity Log] Loading config section Shields
[Info   : Unity Log]  Loading key blockRating
[Info   : Unity Log] Loading config section FirstPerson
[Info   : Unity Log]  Loading key hotkey
[Warning: Unity Log]  Could not load data of type UnityEngine.KeyCode for key hotkey
[Info   : Unity Log]  Loading key raiseFOVHotkey
[Warning: Unity Log]  Could not load data of type UnityEngine.KeyCode for key raiseFOVHotkey
[Info   : Unity Log]  Loading key defaultFOV
[Info   : Unity Log]  Loading key lowerFOVHotkey
[Warning: Unity Log]  Could not load data of type UnityEngine.KeyCode for key lowerFOVHotkey
[Info   : Unity Log] Loading config section GridAlignment
[Info   : Unity Log]  Section not enabled
[Info   : Unity Log] Loading config section CraftFromChest
[Info   : Unity Log]  Loading key range
[Info   : Unity Log]  Loading key disableCookingStation
[Info   : Unity Log]  Loading key checkFromWorkbench
[Info   : Unity Log]  Loading key ignorePrivateAreaCheck
[Info   : Unity Log]  Loading key lookupInterval
[Info   : Unity Log] Loading config section ValheimPlus
[Info   : Unity Log]  Loading key mainMenuLogo
[Info   : Unity Log]  Loading key serverBrowserAdvertisement
[Info   : Unity Log] Loading config section PlayerProjectile
[Info   : Unity Log]  Section not enabled
[Info   : Unity Log] Loading config section MonsterProjectile
[Info   : Unity Log]  Section not enabled
[Info   : Unity Log] Loading config section GameClock
[Info   : Unity Log]  Section not enabled
[Info   : Unity Log] 05/12/2021 23:32:12: Successfully synced VPlus configuration from server.

[Info   : Unity Log] 05/12/2021 23:32:12: tip:$loadscreen_tip13

[Info   : Unity Log] CustomServerLoadingScreen UpdateBlackScreen setting sprite to loading screen
[Info   : Unity Log] 05/12/2021 23:32:16: Force generaeting hmap (128.0, 0.0, -192.0)

[Info   : Unity Log] 05/12/2021 23:32:16: Force generaeting hmap (192.0, 0.0, -192.0)

[Info   : Unity Log] 05/12/2021 23:32:16: Force generaeting hmap (-64.0, 0.0, -192.0)

[Info   : Unity Log] 05/12/2021 23:32:17: Done fading color

[Info   : Unity Log] 05/12/2021 23:32:20: Spawned after 8,019994

[Info   :   Console] WoV - SSC: Setting player settings...
[Info   : Unity Log] 05/12/2021 23:32:20: Minimap: Adding unique location (6.4, 51.1, 6.4)

[Info   : Unity Log] 05/12/2021 23:32:25: client got keys 4

[Info   : Unity Log] 05/12/2021 23:32:26: Spawned Greyling x 1

[Info   : Unity Log] 05/12/2021 23:32:26: Spawned Greyling x 1

[Info   :   Console] WoV - SSC: Server->Client CharacterUpdate
[Info   : Unity Log] 05/12/2021 23:34:08: Player 741245470 wants to open piece_chest_wood(Clone)   im: 741245470

[Info   : Unity Log] 05/12/2021 23:34:08: Setting selected recipe 0

[Info   : Unity Log] 05/12/2021 23:34:08: UI Group status changed root = True

[Info   : Unity Log] 05/12/2021 23:34:08: UI Group status changed Player = True

[Info   : Unity Log] 05/12/2021 23:34:09: Queue unlock msg:$msg_newstation_level:$piece_workbench $msg_level 2

[Info   : Unity Log] 05/12/2021 23:34:09: Player 741245470 wants to open piece_chest_wood(Clone)   im: 741245470

[Info   : Unity Log] 05/12/2021 23:34:09: Setting selected recipe 0

[Info   : Unity Log] 05/12/2021 23:34:09: UI Group status changed root = True

[Info   : Unity Log] 05/12/2021 23:34:09: UI Group status changed Player = True

[Info   : Unity Log] 05/12/2021 23:34:12: Setting selected recipe 1

[Info   : Unity Log] 05/12/2021 23:34:12: UI Group status changed root = True

[Info   : Unity Log] 05/12/2021 23:34:12: UI Group status changed Player = True

[Info   : Unity Log] 05/12/2021 23:34:20: Show text :HUNT HIS KIN

[Info   : Unity Log] 05/12/2021 23:34:33: Done fading color

[Info   : Unity Log] 05/12/2021 23:34:47: Left click

[Info   : Unity Log] 05/12/2021 23:34:58: Setting selected recipe 0

[Info   : Unity Log] 05/12/2021 23:34:58: UI Group status changed root = True

[Info   : Unity Log] 05/12/2021 23:34:58: UI Group status changed Player = True

[Info   : Unity Log] 05/12/2021 23:34:59: Drop item $item_wood

[Info   : Unity Log] 05/12/2021 23:34:59: drop all 42  42

[Info   : Unity Log] 05/12/2021 23:34:59: Setting selected recipe 0

[Info   : Unity Log] 05/12/2021 23:35:00: Queue unlock msg:$msg_newmaterial:$item_stone

[Info   : Unity Log] 05/12/2021 23:35:00: Queue unlock msg:$msg_newrecipe:$item_axe_stone

[Info   : Unity Log] 05/12/2021 23:35:00: Queue unlock msg:$msg_newrecipe:$item_hammer

[Info   : Unity Log] 05/12/2021 23:35:00: Queue unlock msg:$msg_newrecipe:$item_hoe

[Info   : Unity Log] 05/12/2021 23:35:01: Setting selected recipe 1

[Info   : Unity Log] 05/12/2021 23:35:01: UI Group status changed root = True

[Info   : Unity Log] 05/12/2021 23:35:01: UI Group status changed Player = True

[Info   : Unity Log] 05/12/2021 23:35:09: Player 741245470 wants to open Player_tombstone(Clone)   im: 741245470

[Info   : Unity Log] 05/12/2021 23:35:09: Setting selected recipe 1

[Info   : Unity Log] 05/12/2021 23:35:09: UI Group status changed root = True

[Info   : Unity Log] 05/12/2021 23:35:09: UI Group status changed Player = True

[Info   : Unity Log] 05/12/2021 23:35:16: Queue unlock msg:$msg_newitem:Cheat sword

[Info   : Unity Log] 05/12/2021 23:35:16: Setting selected recipe 1

[Info   : Unity Log] 05/12/2021 23:35:21: Setting selected recipe 1

[Info   : Unity Log] 05/12/2021 23:35:21: UI Group status changed root = True

[Info   : Unity Log] 05/12/2021 23:35:21: UI Group status changed Player = True

[Info   : Unity Log] 05/12/2021 23:35:25: Setting selected recipe 1

[Info   : Unity Log] 05/12/2021 23:35:25: UI Group status changed root = True

[Info   : Unity Log] 05/12/2021 23:35:25: UI Group status changed Player = True

[Info   : Unity Log] 05/12/2021 23:35:43: Setting selected recipe 1

[Info   : Unity Log] 05/12/2021 23:35:43: UI Group status changed root = True

[Info   : Unity Log] 05/12/2021 23:35:43: UI Group status changed Player = True

[Info   :   Console] WoV - SSC: Server->Client CharacterUpdate
[Info   : Unity Log] 05/12/2021 23:36:02: Queue unlock msg:$msg_newmaterial:$item_beechseeds

[Info   : Unity Log] 05/12/2021 23:36:12: Setting selected recipe 1

[Info   : Unity Log] 05/12/2021 23:36:12: UI Group status changed root = True

[Info   : Unity Log] 05/12/2021 23:36:12: UI Group status changed Player = True

[Info   : Unity Log] 05/12/2021 23:36:14: Setting selected recipe 1

[Info   : Unity Log] 05/12/2021 23:36:15: UI Group status changed root = True

[Info   : Unity Log] 05/12/2021 23:36:15: UI Group status changed Player = True

[Info   : Unity Log] 05/12/2021 23:36:15: SIZE 0

[Info   : Unity Log] 05/12/2021 23:36:15: UI Group status changed root = False

[Info   : Unity Log] 05/12/2021 23:36:15: FOund selected Trophies

[Info   : Unity Log] 05/12/2021 23:36:15: UI Group status changed Player = False

[Info   : Unity Log] 05/12/2021 23:36:16: UI Group status changed root = True

[Info   : Unity Log] 05/12/2021 23:36:16: UI Group status changed Player = True

[Info   : Unity Log] 05/12/2021 23:36:17: UI Group status changed root = False

[Info   : Unity Log] 05/12/2021 23:36:17: FOund selected Skills

[Info   : Unity Log] 05/12/2021 23:36:17: UI Group status changed Player = False

[Info   : Unity Log] 05/12/2021 23:36:18: UI Group status changed root = True

[Info   : Unity Log] 05/12/2021 23:36:18: UI Group status changed Player = True

[Info   : Unity Log] 05/12/2021 23:36:20: Spawned Greydwarf x 1

[Info   : Unity Log] 05/12/2021 23:36:20: Spawned Greydwarf_Shaman x 1

[Info   : Unity Log] 05/12/2021 23:36:20: Spawned Greydwarf x 1

[Info   : Unity Log] 05/12/2021 23:36:38: Spawned Fish2 x 1

[Info   : Unity Log] 05/12/2021 23:36:38: Spawned Greydwarf_Elite x 1

[Info   : Unity Log] 05/12/2021 23:37:00: Loading terrain comp:849 bytes

[Info   : Unity Log] 05/12/2021 23:37:00: Spawned odin x 1

[Info   : Unity Log] 05/12/2021 23:37:00: Setting selected recipe 1

[Info   : Unity Log] 05/12/2021 23:37:00: UI Group status changed root = True

[Info   : Unity Log] 05/12/2021 23:37:00: UI Group status changed Player = True

[Info   : Unity Log] 05/12/2021 23:37:04: Setting selected recipe 1

[Info   : Unity Log] 05/12/2021 23:37:04: UI Group status changed root = True

[Info   : Unity Log] 05/12/2021 23:37:04: UI Group status changed Player = True

[Info   : Unity Log] 05/12/2021 23:37:07: No player in range, despawning

[Info   : Unity Log] 05/12/2021 23:37:12: Right back item SwordCheat

[Info   : Unity Log] 05/12/2021 23:37:16: Loading dungeon

[Info   : Unity Log] 05/12/2021 23:37:16: Dungeon loaded 12

[Info   : Unity Log] 05/12/2021 23:37:16: Dungeon load time 57,4455 ms

[Info   : Unity Log] 05/12/2021 23:37:28: Loading terrain comp:2096 bytes

[Info   : Unity Log] 05/12/2021 23:37:29: Spawned Greydwarf_Elite x 1

[Info   : Unity Log] 05/12/2021 23:37:29: Spawned Greydwarf_Shaman x 1

[Info   : Unity Log] 05/12/2021 23:37:30: Spawned Deer x 1

[Info   : Unity Log] 05/12/2021 23:37:30: Spawned Fish1 x 1

[Info   : Unity Log] 05/12/2021 23:37:30: Spawned Greyling x 1

[Info   : Unity Log] 05/12/2021 23:37:37: Setting selected recipe 1

[Info   : Unity Log] 05/12/2021 23:37:37: UI Group status changed root = True

[Info   : Unity Log] 05/12/2021 23:37:37: UI Group status changed Player = True

[Info   : Unity Log] 05/12/2021 23:37:38: UI Group status changed root = False

[Info   : Unity Log] 05/12/2021 23:37:38: FOund selected Skills

[Info   : Unity Log] 05/12/2021 23:37:38: UI Group status changed Player = False

[Info   : Unity Log] 05/12/2021 23:37:38: UI Group status changed Skills = True

[Info   : Unity Log] 05/12/2021 23:37:40: UI Group status changed root = True

[Info   : Unity Log] 05/12/2021 23:37:40: UI Group status changed Player = True

[Info   : Unity Log] 05/12/2021 23:37:41: Spawned Greydwarf x 1

[Info   : Unity Log] 05/12/2021 23:37:51: Spawned Boar x 1

[Info   : Unity Log] 05/12/2021 23:37:51: Spawned Greydwarf x 1

[Info   : Unity Log] 05/12/2021 23:37:57: Loading dungeon

[Info   : Unity Log] 05/12/2021 23:37:57: Dungeon loaded 11

[Info   : Unity Log] 05/12/2021 23:37:57: Dungeon load time 66,8237 ms

[Info   : Unity Log] 05/12/2021 23:37:58: Force generaeting hmap (512.0, 0.0, 320.0)

[Info   :   Console] WoV - SSC: Server->Client CharacterUpdate
[Info   : Unity Log] 05/12/2021 23:38:05: Setting selected recipe 1

[Info   : Unity Log] 05/12/2021 23:38:05: UI Group status changed root = True

[Info   : Unity Log] 05/12/2021 23:38:05: UI Group status changed Player = True

[Info   : Unity Log] 05/12/2021 23:38:30: Spawned Greydwarf_Elite x 1

[Info   : Unity Log] 05/12/2021 23:38:42: Spawned Greydwarf_Shaman x 1

[Info   : Unity Log] 05/12/2021 23:38:42: Spawned Greydwarf x 1

[Info   : Unity Log] 05/12/2021 23:38:42: Spawned Greydwarf x 1

[Info   : Unity Log] 05/12/2021 23:38:44: Right back item 

[Info   : Unity Log] 05/12/2021 23:38:45: Right back item SwordCheat

[Info   : Unity Log] 05/12/2021 23:38:56: Spawned Greydwarf_Elite x 1

[Info   : Unity Log] 05/12/2021 23:39:03: Setting selected recipe 1

[Info   : Unity Log] 05/12/2021 23:39:03: UI Group status changed root = True

[Info   : Unity Log] 05/12/2021 23:39:03: UI Group status changed Player = True

[Info   : Unity Log] 05/12/2021 23:39:06: Setting selected recipe 3

[Info   : Unity Log] 05/12/2021 23:39:06: Setting selected recipe 2

[Info   : Unity Log] 05/12/2021 23:39:08: Queue unlock msg:$msg_newitem:$item_hammer

[Info   : Unity Log] 05/12/2021 23:39:08: Queue unlock msg:$msg_newpiece:$piece_repair

[Info   : Unity Log] 05/12/2021 23:39:08: Queue unlock msg:$msg_newpiece:$piece_firepit

[Info   : Unity Log] 05/12/2021 23:39:08: Queue unlock msg:$msg_newpiece:$piece_woodstack

[Info   : Unity Log] 05/12/2021 23:39:08: Queue unlock msg:$msg_newpiece:$piece_stonepile

[Info   : Unity Log] 05/12/2021 23:39:08: Queue unlock msg:$msg_newpiece:$piece_cookingstation

[Info   : Unity Log] 05/12/2021 23:39:08: Queue unlock msg:$msg_newpiece:$piece_workbench

[Info   : Unity Log] 05/12/2021 23:39:08: Queue unlock msg:$msg_newpiece:$piece_woodfloor2x2

[Info   : Unity Log] 05/12/2021 23:39:08: Queue unlock msg:$msg_newpiece:$piece_woodfloor1x1

[Info   : Unity Log] 05/12/2021 23:39:08: Queue unlock msg:$msg_newpiece:$piece_woodwall

[Info   : Unity Log] 05/12/2021 23:39:08: Queue unlock msg:$msg_newpiece:$piece_woodwallhalf

[Info   : Unity Log] 05/12/2021 23:39:08: Queue unlock msg:$msg_newpiece:$piece_wooddoor

[Info   : Unity Log] 05/12/2021 23:39:08: Queue unlock msg:$msg_newpiece:$piece_woodgate

[Info   : Unity Log] 05/12/2021 23:39:08: Queue unlock msg:$msg_newpiece:$piece_woodstair

[Info   : Unity Log] 05/12/2021 23:39:08: Queue unlock msg:$msg_newpiece:$piece_woodstepladder

[Info   : Unity Log] 05/12/2021 23:39:08: Queue unlock msg:$msg_newpiece:$piece_woodroof45

[Info   : Unity Log] 05/12/2021 23:39:08: Queue unlock msg:$msg_newpiece:$piece_woodrooftop45

[Info   : Unity Log] 05/12/2021 23:39:08: Queue unlock msg:$msg_newpiece:$piece_woodroofocorner45

[Info   : Unity Log] 05/12/2021 23:39:08: Queue unlock msg:$msg_newpiece:$piece_woodrooficorner45

[Info   : Unity Log] 05/12/2021 23:39:08: Queue unlock msg:$msg_newpiece:$piece_woodwallroof45

[Info   : Unity Log] 05/12/2021 23:39:08: Queue unlock msg:$msg_newpiece:$piece_woodwallrooftop45

[Info   : Unity Log] 05/12/2021 23:39:08: Queue unlock msg:$msg_newpiece:$piece_woodroof26

[Info   : Unity Log] 05/12/2021 23:39:08: Queue unlock msg:$msg_newpiece:$piece_woodrooftop

[Info   : Unity Log] 05/12/2021 23:39:08: Queue unlock msg:$msg_newpiece:$piece_woodroofocorner

[Info   : Unity Log] 05/12/2021 23:39:08: Queue unlock msg:$msg_newpiece:$piece_woodrooficorner

[Info   : Unity Log] 05/12/2021 23:39:08: Queue unlock msg:$msg_newpiece:$piece_woodwallroof

[Info   : Unity Log] 05/12/2021 23:39:08: Queue unlock msg:$msg_newpiece:$piece_woodwallrooftop

[Info   : Unity Log] 05/12/2021 23:39:08: Queue unlock msg:$msg_newpiece:$piece_woodpole

[Info   : Unity Log] 05/12/2021 23:39:08: Queue unlock msg:$msg_newpiece:$piece_woodpole2

[Info   : Unity Log] 05/12/2021 23:39:08: Queue unlock msg:$msg_newpiece:$piece_woodbeam1

[Info   : Unity Log] 05/12/2021 23:39:08: Queue unlock msg:$msg_newpiece:$piece_woodbeam2

[Info   : Unity Log] 05/12/2021 23:39:08: Queue unlock msg:$msg_newpiece:$piece_woodbeam26

[Info   : Unity Log] 05/12/2021 23:39:08: Queue unlock msg:$msg_newpiece:$piece_woodbeam45

[Info   : Unity Log] 05/12/2021 23:39:08: Queue unlock msg:$msg_newpiece:$piece_woodfence

[Info   : Unity Log] 05/12/2021 23:39:08: Queue unlock msg:$msg_newpiece:$piece_stakewall

[Info   : Unity Log] 05/12/2021 23:39:08: Queue unlock msg:$msg_newpiece:$piece_bed

[Info   : Unity Log] 05/12/2021 23:39:08: Queue unlock msg:$msg_newpiece:$piece_chestwood

[Info   : Unity Log] 05/12/2021 23:39:08: Queue unlock msg:$msg_newpiece:$piece_groundtorchwood

[Info   : Unity Log] 05/12/2021 23:39:08: Queue unlock msg:$msg_newpiece:Fancy Gate

[Info   : Unity Log] 05/12/2021 23:39:08: Queue unlock msg:$msg_newpiece:Window Gate

[Info   : Unity Log] 05/12/2021 23:39:08: Queue unlock msg:$msg_newpiece:Small Hatch

[Info   : Unity Log] 05/12/2021 23:39:08: Queue unlock msg:$msg_newpiece:Large Hatch

[Info   : Unity Log] 05/12/2021 23:39:08: Setting selected recipe 1

[Info   : Unity Log] 05/12/2021 23:39:09: Right back item 

[Info   : Unity Log] 05/12/2021 23:39:16: Setting selected recipe 1

[Info   : Unity Log] 05/12/2021 23:39:16: UI Group status changed root = True

[Info   : Unity Log] 05/12/2021 23:39:16: UI Group status changed Player = True

[Info   : Unity Log] 05/12/2021 23:39:18: Spawned Greydwarf_Shaman x 1

[Info   : Unity Log] 05/12/2021 23:39:34: Loading dungeon

[Info   : Unity Log] 05/12/2021 23:39:34: Dungeon loaded 8

[Info   : Unity Log] 05/12/2021 23:39:34: Dungeon load time 38,8938 ms

[Info   : Unity Log] 05/12/2021 23:39:44: Spawned Greydwarf x 1

[Info   :   Console] WoV - SSC: Server->Client CharacterUpdate
[Info   : Unity Log] 05/12/2021 23:40:01: Spawned Greydwarf_Elite x 1

[Info   : Unity Log] 05/12/2021 23:40:01: Spawned Greydwarf_Shaman x 1

[Info   : Unity Log] 05/12/2021 23:40:10: Spawned Greydwarf x 1

[Info   : Unity Log] 05/12/2021 23:40:10: Force generaeting hmap (128.0, 0.0, 960.0)

[Info   : Unity Log] 05/12/2021 23:40:18: Loading dungeon

[Info   : Unity Log] 05/12/2021 23:40:18: Dungeon loaded 7

[Info   : Unity Log] 05/12/2021 23:40:18: Dungeon load time 33,9088 ms

[Info   : Unity Log] 05/12/2021 23:40:20: Spawned Greydwarf x 1

[Info   : Unity Log] 05/12/2021 23:40:32: Spawned Greydwarf_Shaman x 1

[Info   : Unity Log] 05/12/2021 23:40:32: Spawned Greydwarf x 1

[Info   : Unity Log] 05/12/2021 23:40:46: Spawned Seagal x 1

[Info   : Unity Log] 05/12/2021 23:40:46: Spawned odin x 1

[Info   : Unity Log] 05/12/2021 23:40:50: Player go too close,despawning

[Info   : Unity Log] 05/12/2021 23:40:58: Spawned Greydwarf x 1

[Info   : Unity Log] 05/12/2021 23:41:02: Spawned Boar x 2

[Info   : Unity Log] 05/12/2021 23:41:02: Spawned Greydwarf x 1

[Info   : Unity Log] 05/12/2021 23:41:16: Queue unlock msg:$msg_newmaterial:$item_feathers

[Info   : Unity Log] 05/12/2021 23:41:16: Queue unlock msg:$msg_newrecipe:$item_arrow_fire

[Info   : Unity Log] 05/12/2021 23:41:25: Setting selected recipe 1

[Info   : Unity Log] 05/12/2021 23:41:25: UI Group status changed root = True

[Info   : Unity Log] 05/12/2021 23:41:25: UI Group status changed Player = True

[Info   : Unity Log] 05/12/2021 23:41:30: Spawned odin x 1

[Info   : Unity Log] 05/12/2021 23:41:31: Force generaeting hmap (128.0, 0.0, 960.0)

[Info   : Unity Log] 05/12/2021 23:41:34: Spawned Fish1 x 2

[Info   : Unity Log] 05/12/2021 23:41:34: Spawned Greydwarf_Elite x 1

[Info   : Unity Log] 05/12/2021 23:41:34: Spawned Greydwarf_Shaman x 1

[Info   : Unity Log] 05/12/2021 23:41:46: Setting selected recipe 1

[Info   : Unity Log] 05/12/2021 23:41:46: UI Group status changed root = True

[Info   : Unity Log] 05/12/2021 23:41:46: UI Group status changed Player = True

[Info   : Unity Log] 05/12/2021 23:41:47: No player in range, despawning

[Info   : Unity Log] 05/12/2021 23:41:51: Spawned odin x 1

[Info   : Unity Log] 05/12/2021 23:41:58: Queue unlock msg:$msg_newmaterial:$item_dandelion

[Info   :   Console] WoV - SSC: Server->Client CharacterUpdate
[Info   : Unity Log] 05/12/2021 23:42:05: No player in range, despawning

[Info   : Unity Log] 05/12/2021 23:42:09: Force generaeting hmap (128.0, 0.0, 960.0)

[Info   : Unity Log] 05/12/2021 23:42:11: Spawned Greydwarf_Elite x 1

[Info   : Unity Log] 05/12/2021 23:42:18: Spawned Greydwarf x 1

[Info   : Unity Log] 05/12/2021 23:42:25: Right back item SwordCheat

[Info   : Unity Log] 05/12/2021 23:42:28: Loading dungeon

[Info   : Unity Log] 05/12/2021 23:42:28: Dungeon loaded 7

[Info   : Unity Log] 05/12/2021 23:42:28: Dungeon load time 34,9067 ms

[Info   : Unity Log] 05/12/2021 23:42:31: Spawned Boar x 2

[Info   : Unity Log] 05/12/2021 23:42:31: Spawned Greyling x 1

[Info   : Unity Log] 05/12/2021 23:42:48: Loading dungeon

[Info   : Unity Log] 05/12/2021 23:42:48: Dungeon loaded 8

[Info   : Unity Log] 05/12/2021 23:42:48: Dungeon load time 35,9035 ms

[Info   : Unity Log] 05/12/2021 23:42:56: FOund selected Settings

[Info   : Unity Log] 05/12/2021 23:42:58: Setting selected recipe 2

[Info   : Unity Log] 05/12/2021 23:42:58: UI Group status changed root = True

[Info   : Unity Log] 05/12/2021 23:42:58: UI Group status changed Player = True

[Info   : Unity Log] 05/12/2021 23:43:29: Setting selected recipe 2

[Info   : Unity Log] 05/12/2021 23:43:30: UI Group status changed root = True

[Info   : Unity Log] 05/12/2021 23:43:30: UI Group status changed Player = True

[Info   : Unity Log] 05/12/2021 23:43:54: Loading terrain comp:784 bytes

[Info   : Unity Log] 05/12/2021 23:43:54: Loading terrain comp:2144 bytes

[Info   :   Console] WoV - SSC: Server->Client CharacterUpdate
[Info   : Unity Log] 05/12/2021 23:44:02: Right back item 

[Info   : Unity Log] 05/12/2021 23:44:13: Spawned odin x 1

[Info   : Unity Log] 05/12/2021 23:44:14: Loading terrain comp:1045 bytes

[Info   : Unity Log] 05/12/2021 23:44:30: No player in range, despawning

[Info   : Unity Log] 05/12/2021 23:44:30: Loading terrain comp:230 bytes

[Info   : Unity Log] 05/12/2021 23:44:31: Spawned Greydwarf x 1

[Info   : Unity Log] 05/12/2021 23:44:31: Spawned Greyling x 1

[Info   : Unity Log] 05/12/2021 23:44:40: Right back item SwordCheat

[Info   : Unity Log] 05/12/2021 23:44:42: Right back item 

[Info   : Unity Log] 05/12/2021 23:45:02: Loading terrain comp:2144 bytes

[Info   : Unity Log] 05/12/2021 23:45:04: Spawned Greyling x 1

[Info   : Unity Log] 05/12/2021 23:45:05: Right back item SwordCheat

[Info   : Unity Log] 05/12/2021 23:45:13: Spawned Greydwarf x 1

[Info   : Unity Log] 05/12/2021 23:45:13: Spawned Greydwarf x 1

[Info   : Unity Log] 05/12/2021 23:45:29: Spawned Greyling x 1

[Info   : Unity Log] 05/12/2021 23:45:37: Right back item 

[Info   : Unity Log] 05/12/2021 23:45:45: Spawned Greyling x 1

[Info   : Unity Log] 05/12/2021 23:45:59: Queue unlock msg:$msg_newstation_level:$piece_workbench $msg_level 3

[Info   :   Console] WoV - SSC: Server->Client CharacterUpdate
[Info   : Unity Log] 05/12/2021 23:46:05: Setting selected recipe 2

[Info   : Unity Log] 05/12/2021 23:46:05: UI Group status changed root = True

[Info   : Unity Log] 05/12/2021 23:46:05: UI Group status changed Player = True

[Info   : Unity Log] 05/12/2021 23:46:21: Setting selected recipe 3

[Info   : Unity Log] 05/12/2021 23:46:21: UI Group status changed root = True

[Info   : Unity Log] 05/12/2021 23:46:21: UI Group status changed Player = True

[Info   : Unity Log] 05/12/2021 23:46:22: Setting selected recipe 0

[Info   : Unity Log] 05/12/2021 23:46:34: Setting selected recipe 0

[Info   : Unity Log] 05/12/2021 23:46:34: UI Group status changed root = True

[Info   : Unity Log] 05/12/2021 23:46:34: UI Group status changed Player = True

[Info   : Unity Log] 05/12/2021 23:46:50: Queue unlock msg:$msg_newmaterial:$item_finewood

[Info   : Unity Log] 05/12/2021 23:46:50: Queue unlock msg:$msg_newrecipe:$item_tankard

[Info   : Unity Log] 05/12/2021 23:46:50: Queue unlock msg:$msg_newpiece:$piece_wooddragon

[Info   : Unity Log] 05/12/2021 23:46:50: Queue unlock msg:$msg_newpiece:$piece_stool

[Info   : Unity Log] 05/12/2021 23:46:50: Queue unlock msg:$msg_newpiece:$piece_chair

[Info   : Unity Log] 05/12/2021 23:46:50: Queue unlock msg:$msg_newpiece:$piece_bench01

[Info   : Unity Log] 05/12/2021 23:46:50: Queue unlock msg:$msg_newpiece:$piece_table

[Info   : Unity Log] 05/12/2021 23:46:50: Queue unlock msg:$msg_newpiece:Fine Wood Stack

[Info   : Unity Log] 05/12/2021 23:46:50: Queue unlock msg:$msg_newmaterial:$item_greydwarfeye

[Info   : Unity Log] 05/12/2021 23:46:50: Queue unlock msg:$msg_newrecipe:$item_trophy_greydwarf

[Info   : Unity Log] 05/12/2021 23:46:50: Queue unlock msg:$msg_newmaterial:$item_surtlingcore

[Info   : Unity Log] 05/12/2021 23:46:50: Queue unlock msg:$msg_newrecipe:$item_trophy_surtling

[Info   : Unity Log] 05/12/2021 23:46:50: Queue unlock msg:$msg_newpiece:$piece_smelter

[Info   : Unity Log] 05/12/2021 23:46:50: Queue unlock msg:$msg_newpiece:$piece_charcoalkiln

[Info   : Unity Log] 05/12/2021 23:46:50: Queue unlock msg:$msg_newpiece:$piece_portal

[Info   : Unity Log] 05/12/2021 23:46:50: Queue unlock msg:$msg_newpiece:$piece_guardstone

[Info   : Unity Log] 05/12/2021 23:46:52: Setting selected recipe 0

[Info   : Unity Log] 05/12/2021 23:46:52: UI Group status changed root = True

[Info   : Unity Log] 05/12/2021 23:46:52: UI Group status changed Player = True

[Info   : Unity Log] 05/12/2021 23:47:18: Poison damage: 10 ttl:8,071068 hits:8 dmg perhit:1,25

[Info   : Unity Log] 05/12/2021 23:47:19: Queue unlock msg:$msg_newmaterial:$item_queenbee

[Info   : Unity Log] 05/12/2021 23:47:19: Queue unlock msg:$msg_newpiece:$piece_beehive

[Info   : Unity Log] 05/12/2021 23:47:19: Poison damage: 10 ttl:8,071068 hits:8 dmg perhit:1,25

[Info   : Unity Log] 05/12/2021 23:47:20: Poison damage: 10 ttl:8,071068 hits:8 dmg perhit:1,25

[Info   : Unity Log] 05/12/2021 23:47:20: Setting selected recipe 0

[Info   : Unity Log] 05/12/2021 23:47:20: UI Group status changed root = True

[Info   : Unity Log] 05/12/2021 23:47:20: UI Group status changed Player = True

[Info   : Unity Log] 05/12/2021 23:47:58: Setting selected recipe 0

[Info   : Unity Log] 05/12/2021 23:47:58: UI Group status changed root = True

[Info   : Unity Log] 05/12/2021 23:47:58: UI Group status changed Player = True

[Info   :   Console] WoV - SSC: Server->Client CharacterUpdate
[Info   : Unity Log] 05/12/2021 23:48:00: Right back item SwordCheat

[Info   : Unity Log] 05/12/2021 23:48:01: Queue unlock msg:$msg_newmaterial:$item_leatherscraps

[Info   : Unity Log] 05/12/2021 23:48:01: Queue unlock msg:$msg_newrecipe:$item_chest_rags

[Info   : Unity Log] 05/12/2021 23:48:01: Queue unlock msg:$msg_newrecipe:$item_legs_rags

[Info   : Unity Log] 05/12/2021 23:48:01: Queue unlock msg:$msg_newrecipe:$item_bow

[Info   : Unity Log] 05/12/2021 23:48:01: Queue unlock msg:$msg_newrecipe:$item_shield_wood

[Info   : Unity Log] 05/12/2021 23:48:01: Queue unlock msg:$msg_newrecipe:$item_shield_woodtower

[Info   : Unity Log] 05/12/2021 23:48:01: Queue unlock msg:$msg_newpiece:$ship_raft

[Info   : Unity Log] 05/12/2021 23:48:01: Queue unlock msg:$msg_newpiece:$piece_banner03

[Info   : Unity Log] 05/12/2021 23:48:02: Queue unlock msg:$msg_newmaterial:$item_entrails

[Info   : Unity Log] 05/12/2021 23:48:03: Queue unlock msg:$msg_newmaterial:$item_deerhide

[Info   : Unity Log] 05/12/2021 23:48:03: Queue unlock msg:$msg_newrecipe:$item_chest_leather

[Info   : Unity Log] 05/12/2021 23:48:03: Queue unlock msg:$msg_newrecipe:$item_legs_leather

[Info   : Unity Log] 05/12/2021 23:48:03: Queue unlock msg:$msg_newrecipe:$item_helmet_leather

[Info   : Unity Log] 05/12/2021 23:48:03: Queue unlock msg:$msg_newpiece:$piece_rug_deer

[Info   : Unity Log] 05/12/2021 23:48:05: Setting selected recipe 0

[Info   : Unity Log] 05/12/2021 23:48:05: UI Group status changed root = True

[Info   : Unity Log] 05/12/2021 23:48:05: UI Group status changed Player = True

[Info   : Unity Log] 05/12/2021 23:48:07: Drop item $item_wood

[Info   : Unity Log] 05/12/2021 23:48:07: drop all 21  21

[Info   : Unity Log] 05/12/2021 23:48:07: Setting selected recipe 0

[Info   : Unity Log] 05/12/2021 23:48:08: Drop item $item_leatherscraps

[Info   : Unity Log] 05/12/2021 23:48:08: drop all 1  1

[Info   : Unity Log] 05/12/2021 23:48:08: Setting selected recipe 0

[Info   : Unity Log] 05/12/2021 23:48:11: Setting selected recipe 0

[Info   : Unity Log] 05/12/2021 23:48:11: UI Group status changed root = True

[Info   : Unity Log] 05/12/2021 23:48:11: UI Group status changed Player = True

[Info   : Unity Log] 05/12/2021 23:48:11: Right back item 

[Info   : Unity Log] 05/12/2021 23:48:14: Placed wood_stack

[Info   : Unity Log] 05/12/2021 23:48:15: Placed wood_stack

[Info   : Unity Log] 05/12/2021 23:48:15: Setting selected recipe 0

[Info   : Unity Log] 05/12/2021 23:48:15: UI Group status changed root = True

[Info   : Unity Log] 05/12/2021 23:48:15: UI Group status changed Player = True

[Info   : Unity Log] 05/12/2021 23:48:22: Setting selected recipe 0

[Info   : Unity Log] 05/12/2021 23:48:22: UI Group status changed root = True

[Info   : Unity Log] 05/12/2021 23:48:22: UI Group status changed Player = True

[Info   : Unity Log] 05/12/2021 23:48:25: Disabling PlayerBase  character_trigger

[Info   : Unity Log] 05/12/2021 23:48:27: Placed guard_stone

[Info   : Unity Log] 05/12/2021 23:48:27: Disabling PlayerBase  character_trigger

[Info   : Unity Log] 05/12/2021 23:48:27: Disabling PlayerBase  character_trigger

[Info   : Unity Log] 05/12/2021 23:48:27: Disabling PlayerBase  character_trigger

[Info   : Unity Log] 05/12/2021 23:48:32: Toggle enabled from 1548410345  creator is 1548410345

[Info   : Unity Log] 05/12/2021 23:48:35: Toggle enabled from 1548410345  creator is 1548410345

[Info   : Unity Log] 05/12/2021 23:48:37: Toggle enabled from 1548410345  creator is 1548410345

[Info   : Unity Log] 05/12/2021 23:48:39: Toggle enabled from 1548410345  creator is 1548410345

[Info   : Unity Log] 05/12/2021 23:48:42: Toggle enabled from 1548410345  creator is 1548410345

[Info   : Unity Log] 05/12/2021 23:49:31: Setting selected recipe 0

[Info   : Unity Log] 05/12/2021 23:49:31: UI Group status changed root = True

[Info   : Unity Log] 05/12/2021 23:49:31: UI Group status changed Player = True

[Info   : Unity Log] 05/12/2021 23:49:32: Disabling PlayerBase  character_trigger

[Info   : Unity Log] 05/12/2021 23:49:33: Setting selected recipe 0

[Info   : Unity Log] 05/12/2021 23:49:33: UI Group status changed root = True

[Info   : Unity Log] 05/12/2021 23:49:33: UI Group status changed Player = True

[Info   : Unity Log] 05/12/2021 23:49:44: Setting selected recipe 0

[Info   : Unity Log] 05/12/2021 23:49:44: UI Group status changed root = True

[Info   : Unity Log] 05/12/2021 23:49:44: UI Group status changed Player = True

[Info   : Unity Log] 05/12/2021 23:49:49: hit mine rock 4

[Info   : Unity Log] 05/12/2021 23:49:49: Suport time 0,6103516

[Info   : Unity Log] 05/12/2021 23:49:50: hit mine rock 1

[Info   : Unity Log] 05/12/2021 23:49:50: Suport time 0,1220703

[Info   : Unity Log] 05/12/2021 23:49:52: hit mine rock 0

[Info   : Unity Log] 05/12/2021 23:49:52: Suport time 0

[Info   : Unity Log] 05/12/2021 23:49:53: hit mine rock 3

[Info   : Unity Log] 05/12/2021 23:49:53: Suport time 0,1220703

[Info   : Unity Log] 05/12/2021 23:49:55: hit mine rock 2

[Info   : Unity Log] 05/12/2021 23:49:59: Disabling PlayerBase  character_trigger

[Info   :   Console] WoV - SSC: Server->Client CharacterUpdate
[Info   : Unity Log] 05/12/2021 23:50:03: Queue unlock msg:$msg_newitem:$item_club

[Info   : Unity Log] 05/12/2021 23:50:03: Queue unlock msg:$msg_newmaterial:$item_meat_raw

[Info   : Unity Log] 05/12/2021 23:50:07: Disabling PlayerBase  character_trigger

[Info   : Unity Log] 05/12/2021 23:50:07: Setting selected recipe 0

[Info   : Unity Log] 05/12/2021 23:50:07: UI Group status changed root = True

[Info   : Unity Log] 05/12/2021 23:50:07: UI Group status changed Player = True

[Info   : Unity Log] 05/12/2021 23:50:10: Disabling PlayerBase  character_trigger

[Info   : Unity Log] 05/12/2021 23:50:18: Loading terrain comp:230 bytes

[Info   : Unity Log] 05/12/2021 23:50:35: Right back item SwordCheat

[Info   : Unity Log] 05/12/2021 23:50:44: Right back item 

[Info   : Unity Log] 05/12/2021 23:50:44: Disabling PlayerBase  character_trigger

[Info   : Unity Log] 05/12/2021 23:50:52: Disabling PlayerBase  character_trigger

[Info   : Unity Log] 05/12/2021 23:51:05: Placed wood_floor

[Info   : Unity Log] 05/12/2021 23:51:07: Placed wood_floor

[Info   : Unity Log] 05/12/2021 23:51:09: Placed wood_floor

[Info   : Unity Log] 05/12/2021 23:51:17: Placed wood_floor

[Info   : Unity Log] 05/12/2021 23:51:42: Toggle enabled from 1548410345  creator is 1548410345

[Info   : Unity Log] 05/12/2021 23:51:42: Toggle enabled from 1548410345  creator is 1548410345

[Info   : Unity Log] 05/12/2021 23:51:47: Setting selected recipe 0

[Info   : Unity Log] 05/12/2021 23:51:47: UI Group status changed root = True

[Info   : Unity Log] 05/12/2021 23:51:47: UI Group status changed Player = True

[Info   : Unity Log] 05/12/2021 23:51:50: Disabling PlayerBase  character_trigger

[Info   : Unity Log] 05/12/2021 23:51:51: Disabling PlayerBase  character_trigger

[Info   :   Console] WoV - SSC: Server->Client CharacterUpdate
[Info   :   Console] WoV - SSC: Connections: 1
[Info   : Unity Log] 05/12/2021 23:53:01: Random event set:foresttrolls

[Info   : Unity Log] 05/12/2021 23:53:01: Spawned Troll x 1

[Info   : Unity Log] 05/12/2021 23:53:01: Spawned Troll x 1

[Info   : Unity Log] 05/12/2021 23:53:01: Placed guard_stone

[Info   : Unity Log] 05/12/2021 23:53:01: Disabling PlayerBase  character_trigger

[Info   : Unity Log] 05/12/2021 23:53:01: Disabling PlayerBase  character_trigger

[Info   : Unity Log] 05/12/2021 23:53:01: Disabling PlayerBase  character_trigger

[Info   : Unity Log] 05/12/2021 23:53:03: Disabling PlayerBase  character_trigger

[Info   : Unity Log] 05/12/2021 23:53:03: Disabling PlayerBase  character_trigger

[Info   : Unity Log] 05/12/2021 23:53:03: Disabling PlayerBase  character_trigger

[Info   : Unity Log] 05/12/2021 23:53:21: Placed guard_stone

[Info   : Unity Log] 05/12/2021 23:53:21: Disabling PlayerBase  character_trigger

[Info   : Unity Log] 05/12/2021 23:53:21: Disabling PlayerBase  character_trigger

[Info   : Unity Log] 05/12/2021 23:53:21: Disabling PlayerBase  character_trigger

[Info   : Unity Log] 05/12/2021 23:53:22: Setting selected recipe 0

[Info   : Unity Log] 05/12/2021 23:53:22: UI Group status changed root = True

[Info   : Unity Log] 05/12/2021 23:53:22: UI Group status changed Player = True

[Info   : Unity Log] 05/12/2021 23:53:34: Queue unlock msg:$msg_newmaterial:$item_coins

[Info   : Unity Log] 05/12/2021 23:53:34: Queue unlock msg:$msg_newpiece:Coin Pile

[Info   : Unity Log] 05/12/2021 23:53:34: Queue unlock msg:$msg_newmaterial:$item_trollhide

[Info   : Unity Log] 05/12/2021 23:53:34: Queue unlock msg:$msg_newrecipe:$item_chest_trollleather

[Info   : Unity Log] 05/12/2021 23:53:34: Queue unlock msg:$msg_newrecipe:$item_legs_trollleather

[Info   : Unity Log] 05/12/2021 23:53:34: Queue unlock msg:$msg_newrecipe:$item_trophy_troll

[Info   : Unity Log] 05/12/2021 23:53:49: Spawned Troll x 1

[Info   :   Console] WoV - SSC: Server->Client CharacterUpdate
[Info   : Unity Log] 05/12/2021 23:54:09: Spawned Troll x 1

[Info   : Unity Log] 05/12/2021 23:54:13: hit mine rock 4

[Info   : Unity Log] 05/12/2021 23:54:13: Suport time 0,1220703

[Info   : Unity Log] 05/12/2021 23:54:14: hit mine rock 0

[Info   : Unity Log] 05/12/2021 23:54:14: Suport time 0

[Info   : Unity Log] 05/12/2021 23:54:19: hit mine rock 1

[Info   : Unity Log] 05/12/2021 23:54:19: Suport time 0,1220703

[Info   : Unity Log] 05/12/2021 23:54:20: hit mine rock 3

[Info   : Unity Log] 05/12/2021 23:54:20: Suport time 0

[Info   : Unity Log] 05/12/2021 23:54:21: hit mine rock 2

[Info   : Unity Log] 05/12/2021 23:54:26: Stoped music CombatEventL2 at 3761721

[Info   : Unity Log] 05/12/2021 23:55:23: Setting selected recipe 0

[Info   : Unity Log] 05/12/2021 23:55:23: UI Group status changed root = True

[Info   : Unity Log] 05/12/2021 23:55:23: UI Group status changed Player = True

[Info   : Unity Log] 05/12/2021 23:55:25: Setting selected recipe 0

[Info   : Unity Log] 05/12/2021 23:55:26: Drop item $item_stone

[Info   : Unity Log] 05/12/2021 23:55:26: drop all 50  50

[Info   : Unity Log] 05/12/2021 23:55:26: Setting selected recipe 2

[Info   : Unity Log] 05/12/2021 23:55:36: hit mine rock 3

[Info   : Unity Log] 05/12/2021 23:55:36: Suport time 0,1220703

[Info   : Unity Log] 05/12/2021 23:55:38: hit mine rock 2

[Info   : Unity Log] 05/12/2021 23:55:38: Suport time 0,1220703

[Info   : Unity Log] 05/12/2021 23:55:40: hit mine rock 1

[Info   : Unity Log] 05/12/2021 23:55:40: Suport time 0,1220703

[Info   : Unity Log] 05/12/2021 23:55:43: hit mine rock 0

[Info   : Unity Log] 05/12/2021 23:55:43: Suport time 0,1220703

[Info   : Unity Log] 05/12/2021 23:55:43: hit mine rock 4

[Info   : Unity Log] 05/12/2021 23:55:49: hit mine rock 1

[Info   : Unity Log] 05/12/2021 23:55:49: Suport time 0

[Info   : Unity Log] 05/12/2021 23:55:50: hit mine rock 4

[Info   : Unity Log] 05/12/2021 23:55:50: Suport time 0

[Info   : Unity Log] 05/12/2021 23:55:52: hit mine rock 0

[Info   : Unity Log] 05/12/2021 23:55:52: Suport time 0,1220703

[Info   : Unity Log] 05/12/2021 23:55:53: hit mine rock 3

[Info   : Unity Log] 05/12/2021 23:55:53: Suport time 0

[Info   : Unity Log] 05/12/2021 23:55:55: hit mine rock 2

[Info   : Unity Log] 05/12/2021 23:55:57: Setting selected recipe 0

[Info   : Unity Log] 05/12/2021 23:55:57: UI Group status changed root = True

[Info   : Unity Log] 05/12/2021 23:55:57: UI Group status changed Player = True

[Info   : Unity Log] 05/12/2021 23:55:58: Drop item $item_stone

[Info   : Unity Log] 05/12/2021 23:55:58: drop all 38  38

[Info   : Unity Log] 05/12/2021 23:55:58: Setting selected recipe 2

[Info   :   Console] WoV - SSC: Server->Client CharacterUpdate
[Info   :   Console] WoV - SSC: Server->Client CharacterUpdate
[Info   : Unity Log] 05/12/2021 23:58:16: Setting selected recipe 0

[Info   : Unity Log] 05/12/2021 23:58:16: UI Group status changed root = True

[Info   : Unity Log] 05/12/2021 23:58:16: UI Group status changed Player = True

[Info   :   Console] WoV - SSC: Server->Client CharacterUpdate
[Info   :   Console] WoV - SSC: Server->Client CharacterUpdate
[Info   : Unity Log] 05/13/2021 00:02:18: Setting selected recipe 0

[Info   : Unity Log] 05/13/2021 00:02:18: UI Group status changed root = True

[Info   : Unity Log] 05/13/2021 00:02:18: UI Group status changed Player = True

[Info   : Unity Log] 05/13/2021 00:02:39: Setting selected recipe 0

[Info   : Unity Log] 05/13/2021 00:02:39: UI Group status changed root = True

[Info   : Unity Log] 05/13/2021 00:02:39: UI Group status changed Player = True

[Info   : Unity Log] 05/13/2021 00:02:44: Toggle enabled from 1548410345  creator is 1548410345

[Info   : Unity Log] 05/13/2021 00:02:49: Setting selected recipe 0

[Info   : Unity Log] 05/13/2021 00:02:49: UI Group status changed root = True

[Info   : Unity Log] 05/13/2021 00:02:49: UI Group status changed Player = True

[Info   : Unity Log] 05/13/2021 00:02:50: Disabling PlayerBase  character_trigger

[Info   : Unity Log] 05/13/2021 00:02:52: Disabling PlayerBase  character_trigger

[Info   : Unity Log] 05/13/2021 00:02:55: Placed guard_stone

[Info   : Unity Log] 05/13/2021 00:02:55: Disabling PlayerBase  character_trigger

[Info   : Unity Log] 05/13/2021 00:02:55: Disabling PlayerBase  character_trigger

[Info   : Unity Log] 05/13/2021 00:02:55: Disabling PlayerBase  character_trigger

[Info   : Unity Log] 05/13/2021 00:02:55: Placed guard_stone

[Info   : Unity Log] 05/13/2021 00:02:55: Disabling PlayerBase  character_trigger

[Info   : Unity Log] 05/13/2021 00:02:55: Disabling PlayerBase  character_trigger

[Info   : Unity Log] 05/13/2021 00:02:55: Disabling PlayerBase  character_trigger

[Info   : Unity Log] 05/13/2021 00:02:59: Setting selected recipe 0

[Info   : Unity Log] 05/13/2021 00:02:59: UI Group status changed root = True

[Info   : Unity Log] 05/13/2021 00:02:59: UI Group status changed Player = True

[Info   : Unity Log] 05/13/2021 00:03:53: Player 741245470 wants to open Player_tombstone(Clone)   im: 741245470

[Info   : Unity Log] 05/13/2021 00:03:53: Setting selected recipe 0

[Info   : Unity Log] 05/13/2021 00:03:53: UI Group status changed root = True

[Info   : Unity Log] 05/13/2021 00:03:53: UI Group status changed Player = True

[Info   :   Console] WoV - SSC: Server->Client CharacterUpdate
[Info   :   Console] WoV - SSC: Server->Client CharacterUpdate
[Info   : Unity Log] 05/13/2021 00:06:29: Spawned FireFlies x 1

[Info   : Unity Log] 05/13/2021 00:06:53: Spawned FireFlies x 1

[Info   : Unity Log] 05/13/2021 00:07:17: Spawned FireFlies x 1

[Info   : Unity Log] 05/13/2021 00:07:37: Spawned Greydwarf x 2

[Info   : Unity Log] 05/13/2021 00:07:37: Spawned Greydwarf_Shaman x 1

[Info   : Unity Log] 05/13/2021 00:07:41: Spawned FireFlies x 1

[Info   :   Console] WoV - SSC: Server->Client CharacterUpdate
[Info   : Unity Log] 05/13/2021 00:08:17: Spawned Greydwarf_Elite x 1

[Info   : Unity Log] 05/13/2021 00:08:37: Spawned Greydwarf_Shaman x 1

[Info   : Unity Log] 05/13/2021 00:08:49: Spawned FireFlies x 1

[Info   : Unity Log] 05/13/2021 00:09:11: Game - OnApplicationQuit

[Info   :   Console] WoV - SSC: Shutdown Detected.
[Info   :   Console] WoV - SSC: Connection Count 1
[Info   :   Console] WoV - SSC: Quitting: sending ExitServer and waiting.
[Info   : Unity Log] 05/13/2021 00:09:14: Steam manager on destroy

[Info   : Unity Log] 05/13/2021 00:09:14: ZNet OnDestroy

[Info   : Unity Log] 05/13/2021 00:09:14: Net scene destroyed

[Warning: Unity Log] 05/13/2021 00:09:14: Local player destroyed

